max wall time = 8640000
/home/elizabeth/Tomas/Tesis/homberger_execution/_20_1000/_RC1_8_9_baseTuning/SolveVRP.params
5 parameters in total
0 parameters are conditional.
0 parameter combinations are forbidden.
num_params = 5, num_combos=3125
seed: 1234
Run 1
Level 
========================================================
Starting ILS for level 1, i.e. a limit of N=2000, and cutoff time=1000000000.0.
Current CPU time = 0, this run goes until 100000000.0 
========================================================
New Incumbent: 0, 100000000 [0, 0]. With state gs=40, nc=0.4, ne=0.4, ps=25, xi=0.4
getAlgoResultsForInstsAndParams.
  Trial 1 for calling: bash SolveVRP.sh ../../Homberger/RC1_8_9.txt "" 1000000000.0000001 2147483647 822569775 -gs 40 -nc 0.4 -ne 0.4 -ps 25 -xi 0.4 > /tmp/tmp-2023-12-2915:21:01-0.10106492042541504
Executing cmd: bash SolveVRP.sh ../../Homberger/RC1_8_9.txt "" 1000000000.0000001 2147483647 822569775 -gs 40 -nc 0.4 -ne 0.4 -ps 25 -xi 0.4 > /tmp/tmp-2023-12-2915:21:01-0.10106492042541504
Result: SAT, 0, 29590, 0, 822569775
 Same incumbent, new precision:
New Incumbent: 0.1, 29590.0 [1, 1000000000.0]. With state gs=40, nc=0.4, ne=0.4, ps=25, xi=0.4
now 2023-12-29 15:21:22 -0300; start 2023-12-29 15:21:01 -0300; time-start 21.193383927; maxWall 8640000.0
getAlgoResultsForInstsAndParams.
  Trial 1 for calling: bash SolveVRP.sh ../../Homberger/RC1_8_9.txt "" 1000000000.0000001 2147483647 822569775 -gs 70 -nc 0.8 -ne 0.8 -ps 5 -xi 0.2 > /tmp/tmp-2023-12-2915:21:22-0.37600064277648926
Executing cmd: bash SolveVRP.sh ../../Homberger/RC1_8_9.txt "" 1000000000.0000001 2147483647 822569775 -gs 70 -nc 0.8 -ne 0.8 -ps 5 -xi 0.2 > /tmp/tmp-2023-12-2915:21:22-0.37600064277648926
Result: SAT, 0, 29892, 0, 822569775
        -> Worse random: gs=70 nc=0.8 ne=0.8 ps=5 xi=0.2 (29892.0 [based on 1 runs with cutoff 1000000000.0])
now 2023-12-29 15:21:43 -0300; start 2023-12-29 15:21:01 -0300; time-start 42.460935895; maxWall 8640000.0
getAlgoResultsForInstsAndParams.
  Trial 1 for calling: bash SolveVRP.sh ../../Homberger/RC1_8_9.txt "" 1000000000.0000001 2147483647 822569775 -gs 20 -nc 0.2 -ne 0.4 -ps 35 -xi 0.8 > /tmp/tmp-2023-12-2915:21:43-0.799781084060669
Executing cmd: bash SolveVRP.sh ../../Homberger/RC1_8_9.txt "" 1000000000.0000001 2147483647 822569775 -gs 20 -nc 0.2 -ne 0.4 -ps 35 -xi 0.8 > /tmp/tmp-2023-12-2915:21:43-0.799781084060669
Result: SAT, 0, 30044, 0, 822569775
        -> Worse random: gs=20 nc=0.2 ne=0.4 ps=35 xi=0.8 (30044.0 [based on 1 runs with cutoff 1000000000.0])
now 2023-12-29 15:22:05 -0300; start 2023-12-29 15:21:01 -0300; time-start 63.876403391; maxWall 8640000.0
getAlgoResultsForInstsAndParams.
  Trial 1 for calling: bash SolveVRP.sh ../../Homberger/RC1_8_9.txt "" 1000000000.0000001 2147483647 822569775 -gs 100 -nc 0.4 -ne 0.4 -ps 5 -xi 0.1 > /tmp/tmp-2023-12-2915:22:05-0.3958396911621094
Executing cmd: bash SolveVRP.sh ../../Homberger/RC1_8_9.txt "" 1000000000.0000001 2147483647 822569775 -gs 100 -nc 0.4 -ne 0.4 -ps 5 -xi 0.1 > /tmp/tmp-2023-12-2915:22:05-0.3958396911621094
Result: SAT, 0, 30100, 0, 822569775
        -> Worse random: gs=100 nc=0.4 ne=0.4 ps=5 xi=0.1 (30100.0 [based on 1 runs with cutoff 1000000000.0])
now 2023-12-29 15:22:26 -0300; start 2023-12-29 15:21:01 -0300; time-start 85.328659156; maxWall 8640000.0
getAlgoResultsForInstsAndParams.
  Trial 1 for calling: bash SolveVRP.sh ../../Homberger/RC1_8_9.txt "" 1000000000.0000001 2147483647 822569775 -gs 100 -nc 0.1 -ne 0.2 -ps 25 -xi 0.1 > /tmp/tmp-2023-12-2915:22:26-0.07732164859771729
Executing cmd: bash SolveVRP.sh ../../Homberger/RC1_8_9.txt "" 1000000000.0000001 2147483647 822569775 -gs 100 -nc 0.1 -ne 0.2 -ps 25 -xi 0.1 > /tmp/tmp-2023-12-2915:22:26-0.07732164859771729
Result: SAT, 0, 29884, 0, 822569775
        -> Worse random: gs=100 nc=0.1 ne=0.2 ps=25 xi=0.1 (29884.0 [based on 1 runs with cutoff 1000000000.0])
now 2023-12-29 15:22:48 -0300; start 2023-12-29 15:21:01 -0300; time-start 106.491222707; maxWall 8640000.0
getAlgoResultsForInstsAndParams.
  Trial 1 for calling: bash SolveVRP.sh ../../Homberger/RC1_8_9.txt "" 1000000000.0000001 2147483647 822569775 -gs 70 -nc 0.8 -ne 0.4 -ps 25 -xi 0.6 > /tmp/tmp-2023-12-2915:22:48-0.2874946594238281
Executing cmd: bash SolveVRP.sh ../../Homberger/RC1_8_9.txt "" 1000000000.0000001 2147483647 822569775 -gs 70 -nc 0.8 -ne 0.4 -ps 25 -xi 0.6 > /tmp/tmp-2023-12-2915:22:48-0.2874946594238281
Result: SAT, 0, 29893, 0, 822569775
        -> Worse random: gs=70 nc=0.8 ne=0.4 ps=25 xi=0.6 (29893.0 [based on 1 runs with cutoff 1000000000.0])
now 2023-12-29 15:23:09 -0300; start 2023-12-29 15:21:01 -0300; time-start 127.842224809; maxWall 8640000.0
getAlgoResultsForInstsAndParams.
  Trial 1 for calling: bash SolveVRP.sh ../../Homberger/RC1_8_9.txt "" 1000000000.0000001 2147483647 822569775 -gs 70 -nc 0.1 -ne 0.2 -ps 35 -xi 0.1 > /tmp/tmp-2023-12-2915:23:09-0.964116096496582
Executing cmd: bash SolveVRP.sh ../../Homberger/RC1_8_9.txt "" 1000000000.0000001 2147483647 822569775 -gs 70 -nc 0.1 -ne 0.2 -ps 35 -xi 0.1 > /tmp/tmp-2023-12-2915:23:09-0.964116096496582
Result: SAT, 0, 29823, 0, 822569775
        -> Worse random: gs=70 nc=0.1 ne=0.2 ps=35 xi=0.1 (29823.0 [based on 1 runs with cutoff 1000000000.0])
now 2023-12-29 15:23:30 -0300; start 2023-12-29 15:21:01 -0300; time-start 149.153255398; maxWall 8640000.0
getAlgoResultsForInstsAndParams.
  Trial 1 for calling: bash SolveVRP.sh ../../Homberger/RC1_8_9.txt "" 1000000000.0000001 2147483647 822569775 -gs 70 -nc 0.4 -ne 0.6 -ps 45 -xi 0.2 > /tmp/tmp-2023-12-2915:23:30-0.9356756210327148
Executing cmd: bash SolveVRP.sh ../../Homberger/RC1_8_9.txt "" 1000000000.0000001 2147483647 822569775 -gs 70 -nc 0.4 -ne 0.6 -ps 45 -xi 0.2 > /tmp/tmp-2023-12-2915:23:30-0.9356756210327148
Result: SAT, 0, 30161, 0, 822569775
        -> Worse random: gs=70 nc=0.4 ne=0.6 ps=45 xi=0.2 (30161.0 [based on 1 runs with cutoff 1000000000.0])
now 2023-12-29 15:23:51 -0300; start 2023-12-29 15:21:01 -0300; time-start 170.445283082; maxWall 8640000.0
getAlgoResultsForInstsAndParams.
  Trial 1 for calling: bash SolveVRP.sh ../../Homberger/RC1_8_9.txt "" 1000000000.0000001 2147483647 822569775 -gs 70 -nc 0.6 -ne 0.6 -ps 25 -xi 0.2 > /tmp/tmp-2023-12-2915:23:51-0.14958429336547852
Executing cmd: bash SolveVRP.sh ../../Homberger/RC1_8_9.txt "" 1000000000.0000001 2147483647 822569775 -gs 70 -nc 0.6 -ne 0.6 -ps 25 -xi 0.2 > /tmp/tmp-2023-12-2915:23:51-0.14958429336547852
Result: SAT, 0, 30046, 0, 822569775
        -> Worse random: gs=70 nc=0.6 ne=0.6 ps=25 xi=0.2 (30046.0 [based on 1 runs with cutoff 1000000000.0])
now 2023-12-29 15:24:13 -0300; start 2023-12-29 15:21:01 -0300; time-start 191.936579298; maxWall 8640000.0
getAlgoResultsForInstsAndParams.
  Trial 1 for calling: bash SolveVRP.sh ../../Homberger/RC1_8_9.txt "" 1000000000.0000001 2147483647 822569775 -gs 70 -nc 0.8 -ne 0.4 -ps 35 -xi 0.8 > /tmp/tmp-2023-12-2915:24:13-0.61639404296875
Executing cmd: bash SolveVRP.sh ../../Homberger/RC1_8_9.txt "" 1000000000.0000001 2147483647 822569775 -gs 70 -nc 0.8 -ne 0.4 -ps 35 -xi 0.8 > /tmp/tmp-2023-12-2915:24:13-0.61639404296875
Result: SAT, 0, 30088, 0, 822569775
        -> Worse random: gs=70 nc=0.8 ne=0.4 ps=35 xi=0.8 (30088.0 [based on 1 runs with cutoff 1000000000.0])
now 2023-12-29 15:24:34 -0300; start 2023-12-29 15:21:01 -0300; time-start 213.195219449; maxWall 8640000.0
getAlgoResultsForInstsAndParams.
  Trial 1 for calling: bash SolveVRP.sh ../../Homberger/RC1_8_9.txt "" 1000000000.0000001 2147483647 822569775 -gs 20 -nc 0.8 -ne 0.1 -ps 45 -xi 0.2 > /tmp/tmp-2023-12-2915:24:34-0.4985659122467041
Executing cmd: bash SolveVRP.sh ../../Homberger/RC1_8_9.txt "" 1000000000.0000001 2147483647 822569775 -gs 20 -nc 0.8 -ne 0.1 -ps 45 -xi 0.2 > /tmp/tmp-2023-12-2915:24:34-0.4985659122467041
Result: SAT, 0, 30325, 0, 822569775
        -> Worse random: gs=20 nc=0.8 ne=0.1 ps=45 xi=0.2 (30325.0 [based on 1 runs with cutoff 1000000000.0])
   BLS in iteration 1, start with gs=40 nc=0.4 ne=0.4 ps=25 xi=0.4 (29590.0 [based on 1 runs with cutoff 1000000000.0])
now 2023-12-29 15:24:56 -0300; start 2023-12-29 15:21:01 -0300; time-start 234.604701574; maxWall 8640000.0
now 2023-12-29 15:24:56 -0300; start 2023-12-29 15:21:01 -0300; time-start 234.604786651; maxWall 8640000.0
    Changing ["nc: 0.4->0.2"], evaluating ...
getAlgoResultsForInstsAndParams.
  Trial 1 for calling: bash SolveVRP.sh ../../Homberger/RC1_8_9.txt "" 1000000000.0000001 2147483647 822569775 -gs 40 -nc 0.2 -ne 0.4 -ps 25 -xi 0.4 > /tmp/tmp-2023-12-2915:24:56-0.393585205078125
Executing cmd: bash SolveVRP.sh ../../Homberger/RC1_8_9.txt "" 1000000000.0000001 2147483647 822569775 -gs 40 -nc 0.2 -ne 0.4 -ps 25 -xi 0.4 > /tmp/tmp-2023-12-2915:24:56-0.393585205078125
Result: SAT, 0, 30095, 0, 822569775
        -> worse: (30095.0 [based on 1 runs with cutoff 1000000000.0])
now 2023-12-29 15:25:17 -0300; start 2023-12-29 15:21:01 -0300; time-start 256.016785842; maxWall 8640000.0
    Changing ["ps: 25->35"], evaluating ...
getAlgoResultsForInstsAndParams.
  Trial 1 for calling: bash SolveVRP.sh ../../Homberger/RC1_8_9.txt "" 1000000000.0000001 2147483647 822569775 -gs 40 -nc 0.4 -ne 0.4 -ps 35 -xi 0.4 > /tmp/tmp-2023-12-2915:25:17-0.7057211399078369
Executing cmd: bash SolveVRP.sh ../../Homberger/RC1_8_9.txt "" 1000000000.0000001 2147483647 822569775 -gs 40 -nc 0.4 -ne 0.4 -ps 35 -xi 0.4 > /tmp/tmp-2023-12-2915:25:17-0.7057211399078369
Result: SAT, 0, 30061, 0, 822569775
        -> worse: (30061.0 [based on 1 runs with cutoff 1000000000.0])
now 2023-12-29 15:25:38 -0300; start 2023-12-29 15:21:01 -0300; time-start 277.334067762; maxWall 8640000.0
    Changing ["xi: 0.4->0.6"], evaluating ...
getAlgoResultsForInstsAndParams.
  Trial 1 for calling: bash SolveVRP.sh ../../Homberger/RC1_8_9.txt "" 1000000000.0000001 2147483647 822569775 -gs 40 -nc 0.4 -ne 0.4 -ps 25 -xi 0.6 > /tmp/tmp-2023-12-2915:25:38-0.6704615354537964
Executing cmd: bash SolveVRP.sh ../../Homberger/RC1_8_9.txt "" 1000000000.0000001 2147483647 822569775 -gs 40 -nc 0.4 -ne 0.4 -ps 25 -xi 0.6 > /tmp/tmp-2023-12-2915:25:38-0.6704615354537964
Result: SAT, 0, 29895, 0, 822569775
        -> worse: (29895.0 [based on 1 runs with cutoff 1000000000.0])
now 2023-12-29 15:26:00 -0300; start 2023-12-29 15:21:01 -0300; time-start 298.592903665; maxWall 8640000.0
    Changing ["ne: 0.4->0.6"], evaluating ...
getAlgoResultsForInstsAndParams.
  Trial 1 for calling: bash SolveVRP.sh ../../Homberger/RC1_8_9.txt "" 1000000000.0000001 2147483647 822569775 -gs 40 -nc 0.4 -ne 0.6 -ps 25 -xi 0.4 > /tmp/tmp-2023-12-2915:26:00-0.7614421844482422
Executing cmd: bash SolveVRP.sh ../../Homberger/RC1_8_9.txt "" 1000000000.0000001 2147483647 822569775 -gs 40 -nc 0.4 -ne 0.6 -ps 25 -xi 0.4 > /tmp/tmp-2023-12-2915:26:00-0.7614421844482422
Result: SAT, 0, 29799, 0, 822569775
        -> worse: (29799.0 [based on 1 runs with cutoff 1000000000.0])
now 2023-12-29 15:26:21 -0300; start 2023-12-29 15:21:01 -0300; time-start 319.885191742; maxWall 8640000.0
    Changing ["ne: 0.4->0.2"], evaluating ...
getAlgoResultsForInstsAndParams.
  Trial 1 for calling: bash SolveVRP.sh ../../Homberger/RC1_8_9.txt "" 1000000000.0000001 2147483647 822569775 -gs 40 -nc 0.4 -ne 0.2 -ps 25 -xi 0.4 > /tmp/tmp-2023-12-2915:26:21-0.08506941795349121
Executing cmd: bash SolveVRP.sh ../../Homberger/RC1_8_9.txt "" 1000000000.0000001 2147483647 822569775 -gs 40 -nc 0.4 -ne 0.2 -ps 25 -xi 0.4 > /tmp/tmp-2023-12-2915:26:21-0.08506941795349121
Result: SAT, 0, 29919, 0, 822569775
        -> worse: (29919.0 [based on 1 runs with cutoff 1000000000.0])
now 2023-12-29 15:26:42 -0300; start 2023-12-29 15:21:01 -0300; time-start 341.261383386; maxWall 8640000.0
    Changing ["ne: 0.4->0.8"], evaluating ...
getAlgoResultsForInstsAndParams.
  Trial 1 for calling: bash SolveVRP.sh ../../Homberger/RC1_8_9.txt "" 1000000000.0000001 2147483647 822569775 -gs 40 -nc 0.4 -ne 0.8 -ps 25 -xi 0.4 > /tmp/tmp-2023-12-2915:26:42-0.7056353092193604
Executing cmd: bash SolveVRP.sh ../../Homberger/RC1_8_9.txt "" 1000000000.0000001 2147483647 822569775 -gs 40 -nc 0.4 -ne 0.8 -ps 25 -xi 0.4 > /tmp/tmp-2023-12-2915:26:42-0.7056353092193604
Result: SAT, 0, 29944, 0, 822569775
        -> worse: (29944.0 [based on 1 runs with cutoff 1000000000.0])
now 2023-12-29 15:27:04 -0300; start 2023-12-29 15:21:01 -0300; time-start 362.658109413; maxWall 8640000.0
    Changing ["xi: 0.4->0.2"], evaluating ...
getAlgoResultsForInstsAndParams.
  Trial 1 for calling: bash SolveVRP.sh ../../Homberger/RC1_8_9.txt "" 1000000000.0000001 2147483647 822569775 -gs 40 -nc 0.4 -ne 0.4 -ps 25 -xi 0.2 > /tmp/tmp-2023-12-2915:27:04-0.037970542907714844
Executing cmd: bash SolveVRP.sh ../../Homberger/RC1_8_9.txt "" 1000000000.0000001 2147483647 822569775 -gs 40 -nc 0.4 -ne 0.4 -ps 25 -xi 0.2 > /tmp/tmp-2023-12-2915:27:04-0.037970542907714844
Result: SAT, 0, 29891, 0, 822569775
        -> worse: (29891.0 [based on 1 runs with cutoff 1000000000.0])
now 2023-12-29 15:27:25 -0300; start 2023-12-29 15:21:01 -0300; time-start 383.986189593; maxWall 8640000.0
    Changing ["nc: 0.4->0.8"], evaluating ...
getAlgoResultsForInstsAndParams.
  Trial 1 for calling: bash SolveVRP.sh ../../Homberger/RC1_8_9.txt "" 1000000000.0000001 2147483647 822569775 -gs 40 -nc 0.8 -ne 0.4 -ps 25 -xi 0.4 > /tmp/tmp-2023-12-2915:27:25-0.6713247299194336
Executing cmd: bash SolveVRP.sh ../../Homberger/RC1_8_9.txt "" 1000000000.0000001 2147483647 822569775 -gs 40 -nc 0.8 -ne 0.4 -ps 25 -xi 0.4 > /tmp/tmp-2023-12-2915:27:25-0.6713247299194336
Result: SAT, 0, 30046, 0, 822569775
        -> worse: (30046.0 [based on 1 runs with cutoff 1000000000.0])
now 2023-12-29 15:27:46 -0300; start 2023-12-29 15:21:01 -0300; time-start 405.292807457; maxWall 8640000.0
    Changing ["ps: 25->15"], evaluating ...
getAlgoResultsForInstsAndParams.
  Trial 1 for calling: bash SolveVRP.sh ../../Homberger/RC1_8_9.txt "" 1000000000.0000001 2147483647 822569775 -gs 40 -nc 0.4 -ne 0.4 -ps 15 -xi 0.4 > /tmp/tmp-2023-12-2915:27:46-0.15589559078216553
Executing cmd: bash SolveVRP.sh ../../Homberger/RC1_8_9.txt "" 1000000000.0000001 2147483647 822569775 -gs 40 -nc 0.4 -ne 0.4 -ps 15 -xi 0.4 > /tmp/tmp-2023-12-2915:27:46-0.15589559078216553
Result: SAT, 0, 29817, 0, 822569775
        -> worse: (29817.0 [based on 1 runs with cutoff 1000000000.0])
now 2023-12-29 15:28:08 -0300; start 2023-12-29 15:21:01 -0300; time-start 426.574377956; maxWall 8640000.0
    Changing ["ne: 0.4->0.1"], evaluating ...
getAlgoResultsForInstsAndParams.
  Trial 1 for calling: bash SolveVRP.sh ../../Homberger/RC1_8_9.txt "" 1000000000.0000001 2147483647 822569775 -gs 40 -nc 0.4 -ne 0.1 -ps 25 -xi 0.4 > /tmp/tmp-2023-12-2915:28:08-0.15015411376953125
Executing cmd: bash SolveVRP.sh ../../Homberger/RC1_8_9.txt "" 1000000000.0000001 2147483647 822569775 -gs 40 -nc 0.4 -ne 0.1 -ps 25 -xi 0.4 > /tmp/tmp-2023-12-2915:28:08-0.15015411376953125
Result: SAT, 0, 30036, 0, 822569775
        -> worse: (30036.0 [based on 1 runs with cutoff 1000000000.0])
now 2023-12-29 15:28:29 -0300; start 2023-12-29 15:21:01 -0300; time-start 447.829853711; maxWall 8640000.0
    Changing ["gs: 40->100"], evaluating ...
getAlgoResultsForInstsAndParams.
  Trial 1 for calling: bash SolveVRP.sh ../../Homberger/RC1_8_9.txt "" 1000000000.0000001 2147483647 822569775 -gs 100 -nc 0.4 -ne 0.4 -ps 25 -xi 0.4 > /tmp/tmp-2023-12-2915:28:29-0.7046747207641602
Executing cmd: bash SolveVRP.sh ../../Homberger/RC1_8_9.txt "" 1000000000.0000001 2147483647 822569775 -gs 100 -nc 0.4 -ne 0.4 -ps 25 -xi 0.4 > /tmp/tmp-2023-12-2915:28:29-0.7046747207641602
Result: SAT, 0, 30254, 0, 822569775
        -> worse: (30254.0 [based on 1 runs with cutoff 1000000000.0])
now 2023-12-29 15:28:50 -0300; start 2023-12-29 15:21:01 -0300; time-start 469.073179019; maxWall 8640000.0
    Changing ["gs: 40->20"], evaluating ...
getAlgoResultsForInstsAndParams.
  Trial 1 for calling: bash SolveVRP.sh ../../Homberger/RC1_8_9.txt "" 1000000000.0000001 2147483647 822569775 -gs 20 -nc 0.4 -ne 0.4 -ps 25 -xi 0.4 > /tmp/tmp-2023-12-2915:28:50-0.14211535453796387
Executing cmd: bash SolveVRP.sh ../../Homberger/RC1_8_9.txt "" 1000000000.0000001 2147483647 822569775 -gs 20 -nc 0.4 -ne 0.4 -ps 25 -xi 0.4 > /tmp/tmp-2023-12-2915:28:50-0.14211535453796387
Result: SAT, 0, 30193, 0, 822569775
        -> worse: (30193.0 [based on 1 runs with cutoff 1000000000.0])
now 2023-12-29 15:29:11 -0300; start 2023-12-29 15:21:01 -0300; time-start 490.417751692; maxWall 8640000.0
    Changing ["nc: 0.4->0.1"], evaluating ...
getAlgoResultsForInstsAndParams.
  Trial 1 for calling: bash SolveVRP.sh ../../Homberger/RC1_8_9.txt "" 1000000000.0000001 2147483647 822569775 -gs 40 -nc 0.1 -ne 0.4 -ps 25 -xi 0.4 > /tmp/tmp-2023-12-2915:29:11-0.3927386999130249
Executing cmd: bash SolveVRP.sh ../../Homberger/RC1_8_9.txt "" 1000000000.0000001 2147483647 822569775 -gs 40 -nc 0.1 -ne 0.4 -ps 25 -xi 0.4 > /tmp/tmp-2023-12-2915:29:11-0.3927386999130249
Result: SAT, 0, 30091, 0, 822569775
        -> worse: (30091.0 [based on 1 runs with cutoff 1000000000.0])
now 2023-12-29 15:29:33 -0300; start 2023-12-29 15:21:01 -0300; time-start 511.772704117; maxWall 8640000.0
    Changing ["xi: 0.4->0.1"], evaluating ...
getAlgoResultsForInstsAndParams.
  Trial 1 for calling: bash SolveVRP.sh ../../Homberger/RC1_8_9.txt "" 1000000000.0000001 2147483647 822569775 -gs 40 -nc 0.4 -ne 0.4 -ps 25 -xi 0.1 > /tmp/tmp-2023-12-2915:29:33-0.265622615814209
Executing cmd: bash SolveVRP.sh ../../Homberger/RC1_8_9.txt "" 1000000000.0000001 2147483647 822569775 -gs 40 -nc 0.4 -ne 0.4 -ps 25 -xi 0.1 > /tmp/tmp-2023-12-2915:29:33-0.265622615814209
Result: SAT, 0, 29986, 0, 822569775
        -> worse: (29986.0 [based on 1 runs with cutoff 1000000000.0])
now 2023-12-29 15:29:54 -0300; start 2023-12-29 15:21:01 -0300; time-start 533.121660065; maxWall 8640000.0
    Changing ["nc: 0.4->0.6"], evaluating ...
getAlgoResultsForInstsAndParams.
  Trial 1 for calling: bash SolveVRP.sh ../../Homberger/RC1_8_9.txt "" 1000000000.0000001 2147483647 822569775 -gs 40 -nc 0.6 -ne 0.4 -ps 25 -xi 0.4 > /tmp/tmp-2023-12-2915:29:54-0.1823744773864746
Executing cmd: bash SolveVRP.sh ../../Homberger/RC1_8_9.txt "" 1000000000.0000001 2147483647 822569775 -gs 40 -nc 0.6 -ne 0.4 -ps 25 -xi 0.4 > /tmp/tmp-2023-12-2915:29:54-0.1823744773864746
Result: SAT, 0, 29990, 0, 822569775
        -> worse: (29990.0 [based on 1 runs with cutoff 1000000000.0])
now 2023-12-29 15:30:16 -0300; start 2023-12-29 15:21:01 -0300; time-start 554.53050615; maxWall 8640000.0
    Changing ["xi: 0.4->0.8"], evaluating ...
getAlgoResultsForInstsAndParams.
  Trial 1 for calling: bash SolveVRP.sh ../../Homberger/RC1_8_9.txt "" 1000000000.0000001 2147483647 822569775 -gs 40 -nc 0.4 -ne 0.4 -ps 25 -xi 0.8 > /tmp/tmp-2023-12-2915:30:16-0.7628841400146484
Executing cmd: bash SolveVRP.sh ../../Homberger/RC1_8_9.txt "" 1000000000.0000001 2147483647 822569775 -gs 40 -nc 0.4 -ne 0.4 -ps 25 -xi 0.8 > /tmp/tmp-2023-12-2915:30:16-0.7628841400146484
Result: SAT, 0, 30088, 0, 822569775
        -> worse: (30088.0 [based on 1 runs with cutoff 1000000000.0])
now 2023-12-29 15:30:37 -0300; start 2023-12-29 15:21:01 -0300; time-start 575.89708361; maxWall 8640000.0
    Changing ["ps: 25->45"], evaluating ...
getAlgoResultsForInstsAndParams.
  Trial 1 for calling: bash SolveVRP.sh ../../Homberger/RC1_8_9.txt "" 1000000000.0000001 2147483647 822569775 -gs 40 -nc 0.4 -ne 0.4 -ps 45 -xi 0.4 > /tmp/tmp-2023-12-2915:30:37-0.1845552921295166
Executing cmd: bash SolveVRP.sh ../../Homberger/RC1_8_9.txt "" 1000000000.0000001 2147483647 822569775 -gs 40 -nc 0.4 -ne 0.4 -ps 45 -xi 0.4 > /tmp/tmp-2023-12-2915:30:37-0.1845552921295166
Result: SAT, 0, 29899, 0, 822569775
        -> worse: (29899.0 [based on 1 runs with cutoff 1000000000.0])
now 2023-12-29 15:30:58 -0300; start 2023-12-29 15:21:01 -0300; time-start 597.247311722; maxWall 8640000.0
    Changing ["gs: 40->70"], evaluating ...
getAlgoResultsForInstsAndParams.
  Trial 1 for calling: bash SolveVRP.sh ../../Homberger/RC1_8_9.txt "" 1000000000.0000001 2147483647 822569775 -gs 70 -nc 0.4 -ne 0.4 -ps 25 -xi 0.4 > /tmp/tmp-2023-12-2915:30:58-0.4904494285583496
Executing cmd: bash SolveVRP.sh ../../Homberger/RC1_8_9.txt "" 1000000000.0000001 2147483647 822569775 -gs 70 -nc 0.4 -ne 0.4 -ps 25 -xi 0.4 > /tmp/tmp-2023-12-2915:30:58-0.4904494285583496
Result: SAT, 0, 30248, 0, 822569775
        -> worse: (30248.0 [based on 1 runs with cutoff 1000000000.0])
now 2023-12-29 15:31:20 -0300; start 2023-12-29 15:21:01 -0300; time-start 618.629121418; maxWall 8640000.0
    Changing ["gs: 40->10"], evaluating ...
getAlgoResultsForInstsAndParams.
  Trial 1 for calling: bash SolveVRP.sh ../../Homberger/RC1_8_9.txt "" 1000000000.0000001 2147483647 822569775 -gs 10 -nc 0.4 -ne 0.4 -ps 25 -xi 0.4 > /tmp/tmp-2023-12-2915:31:20-0.3032388687133789
Executing cmd: bash SolveVRP.sh ../../Homberger/RC1_8_9.txt "" 1000000000.0000001 2147483647 822569775 -gs 10 -nc 0.4 -ne 0.4 -ps 25 -xi 0.4 > /tmp/tmp-2023-12-2915:31:20-0.3032388687133789
Result: SAT, 0, 29963, 0, 822569775
        -> worse: (29963.0 [based on 1 runs with cutoff 1000000000.0])
now 2023-12-29 15:31:41 -0300; start 2023-12-29 15:21:01 -0300; time-start 639.885962131; maxWall 8640000.0
    Changing ["ps: 25->5"], evaluating ...
getAlgoResultsForInstsAndParams.
  Trial 1 for calling: bash SolveVRP.sh ../../Homberger/RC1_8_9.txt "" 1000000000.0000001 2147483647 822569775 -gs 40 -nc 0.4 -ne 0.4 -ps 5 -xi 0.4 > /tmp/tmp-2023-12-2915:31:41-0.2978386878967285
Executing cmd: bash SolveVRP.sh ../../Homberger/RC1_8_9.txt "" 1000000000.0000001 2147483647 822569775 -gs 40 -nc 0.4 -ne 0.4 -ps 5 -xi 0.4 > /tmp/tmp-2023-12-2915:31:41-0.2978386878967285
Result: SAT, 0, 29612, 0, 822569775
        -> worse: (29612.0 [based on 1 runs with cutoff 1000000000.0])
          
============= Performing 20 bonus runs of state: gs=40 nc=0.4 ne=0.4 ps=25 xi=0.4 (29590.0 [based on 1 runs with cutoff 1000000000.0]) ============ 

now 2023-12-29 15:32:02 -0300; start 2023-12-29 15:21:01 -0300; time-start 661.221033905; maxWall 8640000.0
getAlgoResultsForInstsAndParams.
  Trial 1 for calling: bash SolveVRP.sh ../../Homberger/RC1_8_9.txt "" 1000000000.0000001 2147483647 2137449171 -gs 40 -nc 0.4 -ne 0.4 -ps 25 -xi 0.4 > /tmp/tmp-2023-12-2915:32:02-0.7060630321502686
Executing cmd: bash SolveVRP.sh ../../Homberger/RC1_8_9.txt "" 1000000000.0000001 2147483647 2137449171 -gs 40 -nc 0.4 -ne 0.4 -ps 25 -xi 0.4 > /tmp/tmp-2023-12-2915:32:02-0.7060630321502686
Result: SAT, 0, 29860, 0, 2137449171
 Same incumbent, new precision:
New Incumbent: 3.2000000000000015, 29725.0 [2, 1000000000.0]. With state gs=40, nc=0.4, ne=0.4, ps=25, xi=0.4
now 2023-12-29 15:32:24 -0300; start 2023-12-29 15:21:01 -0300; time-start 682.62668499; maxWall 8640000.0
getAlgoResultsForInstsAndParams.
  Trial 1 for calling: bash SolveVRP.sh ../../Homberger/RC1_8_9.txt "" 1000000000.0000001 2147483647 524453158 -gs 40 -nc 0.4 -ne 0.4 -ps 25 -xi 0.4 > /tmp/tmp-2023-12-2915:32:24-0.7484216690063477
Executing cmd: bash SolveVRP.sh ../../Homberger/RC1_8_9.txt "" 1000000000.0000001 2147483647 524453158 -gs 40 -nc 0.4 -ne 0.4 -ps 25 -xi 0.4 > /tmp/tmp-2023-12-2915:32:24-0.7484216690063477
Result: SAT, 0, 30025, 0, 524453158
 Same incumbent, new precision:
New Incumbent: 3.3000000000000016, 29825.0 [3, 1000000000.0]. With state gs=40, nc=0.4, ne=0.4, ps=25, xi=0.4
now 2023-12-29 15:32:45 -0300; start 2023-12-29 15:21:01 -0300; time-start 703.943437413; maxWall 8640000.0
getAlgoResultsForInstsAndParams.
  Trial 1 for calling: bash SolveVRP.sh ../../Homberger/RC1_8_9.txt "" 1000000000.0000001 2147483647 1365105717 -gs 40 -nc 0.4 -ne 0.4 -ps 25 -xi 0.4 > /tmp/tmp-2023-12-2915:32:45-0.9546890258789062
Executing cmd: bash SolveVRP.sh ../../Homberger/RC1_8_9.txt "" 1000000000.0000001 2147483647 1365105717 -gs 40 -nc 0.4 -ne 0.4 -ps 25 -xi 0.4 > /tmp/tmp-2023-12-2915:32:45-0.9546890258789062
Result: SAT, 0, 29792, 0, 1365105717
 Same incumbent, new precision:
New Incumbent: 3.4000000000000017, 29816.75 [4, 1000000000.0]. With state gs=40, nc=0.4, ne=0.4, ps=25, xi=0.4
now 2023-12-29 15:33:06 -0300; start 2023-12-29 15:21:01 -0300; time-start 725.247921532; maxWall 8640000.0
getAlgoResultsForInstsAndParams.
  Trial 1 for calling: bash SolveVRP.sh ../../Homberger/RC1_8_9.txt "" 1000000000.0000001 2147483647 1880026316 -gs 40 -nc 0.4 -ne 0.4 -ps 25 -xi 0.4 > /tmp/tmp-2023-12-2915:33:06-0.7813215255737305
Executing cmd: bash SolveVRP.sh ../../Homberger/RC1_8_9.txt "" 1000000000.0000001 2147483647 1880026316 -gs 40 -nc 0.4 -ne 0.4 -ps 25 -xi 0.4 > /tmp/tmp-2023-12-2915:33:06-0.7813215255737305
Result: SAT, 0, 29867, 0, 1880026316
 Same incumbent, new precision:
New Incumbent: 3.5000000000000018, 29826.8 [5, 1000000000.0]. With state gs=40, nc=0.4, ne=0.4, ps=25, xi=0.4
now 2023-12-29 15:33:28 -0300; start 2023-12-29 15:21:01 -0300; time-start 746.61879027; maxWall 8640000.0
getAlgoResultsForInstsAndParams.
  Trial 1 for calling: bash SolveVRP.sh ../../Homberger/RC1_8_9.txt "" 1000000000.0000001 2147483647 481516916 -gs 40 -nc 0.4 -ne 0.4 -ps 25 -xi 0.4 > /tmp/tmp-2023-12-2915:33:28-0.09517192840576172
Executing cmd: bash SolveVRP.sh ../../Homberger/RC1_8_9.txt "" 1000000000.0000001 2147483647 481516916 -gs 40 -nc 0.4 -ne 0.4 -ps 25 -xi 0.4 > /tmp/tmp-2023-12-2915:33:28-0.09517192840576172
Result: SAT, 0, 30196, 0, 481516916
 Same incumbent, new precision:
New Incumbent: 3.600000000000002, 29888.333333333332 [6, 1000000000.0]. With state gs=40, nc=0.4, ne=0.4, ps=25, xi=0.4
now 2023-12-29 15:33:49 -0300; start 2023-12-29 15:21:01 -0300; time-start 767.949454198; maxWall 8640000.0
getAlgoResultsForInstsAndParams.
  Trial 1 for calling: bash SolveVRP.sh ../../Homberger/RC1_8_9.txt "" 1000000000.0000001 2147483647 1225605784 -gs 40 -nc 0.4 -ne 0.4 -ps 25 -xi 0.4 > /tmp/tmp-2023-12-2915:33:49-0.9370074272155762
Executing cmd: bash SolveVRP.sh ../../Homberger/RC1_8_9.txt "" 1000000000.0000001 2147483647 1225605784 -gs 40 -nc 0.4 -ne 0.4 -ps 25 -xi 0.4 > /tmp/tmp-2023-12-2915:33:49-0.9370074272155762
Result: SAT, 0, 29902, 0, 1225605784
 Same incumbent, new precision:
New Incumbent: 3.700000000000002, 29890.285714285714 [7, 1000000000.0]. With state gs=40, nc=0.4, ne=0.4, ps=25, xi=0.4
now 2023-12-29 15:34:10 -0300; start 2023-12-29 15:21:01 -0300; time-start 789.310251947; maxWall 8640000.0
getAlgoResultsForInstsAndParams.
  Trial 1 for calling: bash SolveVRP.sh ../../Homberger/RC1_8_9.txt "" 1000000000.0000001 2147483647 1165481977 -gs 40 -nc 0.4 -ne 0.4 -ps 25 -xi 0.4 > /tmp/tmp-2023-12-2915:34:10-0.23754668235778809
Executing cmd: bash SolveVRP.sh ../../Homberger/RC1_8_9.txt "" 1000000000.0000001 2147483647 1165481977 -gs 40 -nc 0.4 -ne 0.4 -ps 25 -xi 0.4 > /tmp/tmp-2023-12-2915:34:10-0.23754668235778809
Result: SAT, 0, 29778, 0, 1165481977
 Same incumbent, new precision:
New Incumbent: 3.800000000000002, 29876.25 [8, 1000000000.0]. With state gs=40, nc=0.4, ne=0.4, ps=25, xi=0.4
now 2023-12-29 15:34:32 -0300; start 2023-12-29 15:21:01 -0300; time-start 810.715487849; maxWall 8640000.0
getAlgoResultsForInstsAndParams.
  Trial 1 for calling: bash SolveVRP.sh ../../Homberger/RC1_8_9.txt "" 1000000000.0000001 2147483647 1202486927 -gs 40 -nc 0.4 -ne 0.4 -ps 25 -xi 0.4 > /tmp/tmp-2023-12-2915:34:32-0.8108015060424805
Executing cmd: bash SolveVRP.sh ../../Homberger/RC1_8_9.txt "" 1000000000.0000001 2147483647 1202486927 -gs 40 -nc 0.4 -ne 0.4 -ps 25 -xi 0.4 > /tmp/tmp-2023-12-2915:34:32-0.8108015060424805
Result: SAT, 0, 29795, 0, 1202486927
 Same incumbent, new precision:
New Incumbent: 3.900000000000002, 29867.222222222223 [9, 1000000000.0]. With state gs=40, nc=0.4, ne=0.4, ps=25, xi=0.4
now 2023-12-29 15:34:53 -0300; start 2023-12-29 15:21:01 -0300; time-start 832.157968065; maxWall 8640000.0
getAlgoResultsForInstsAndParams.
  Trial 1 for calling: bash SolveVRP.sh ../../Homberger/RC1_8_9.txt "" 1000000000.0000001 2147483647 1549064881 -gs 40 -nc 0.4 -ne 0.4 -ps 25 -xi 0.4 > /tmp/tmp-2023-12-2915:34:53-0.7613368034362793
Executing cmd: bash SolveVRP.sh ../../Homberger/RC1_8_9.txt "" 1000000000.0000001 2147483647 1549064881 -gs 40 -nc 0.4 -ne 0.4 -ps 25 -xi 0.4 > /tmp/tmp-2023-12-2915:34:53-0.7613368034362793
Result: SAT, 0, 29744, 0, 1549064881
 Same incumbent, new precision:
New Incumbent: 4.000000000000002, 29854.9 [10, 1000000000.0]. With state gs=40, nc=0.4, ne=0.4, ps=25, xi=0.4
now 2023-12-29 15:35:15 -0300; start 2023-12-29 15:21:01 -0300; time-start 853.509712643; maxWall 8640000.0
getAlgoResultsForInstsAndParams.
  Trial 1 for calling: bash SolveVRP.sh ../../Homberger/RC1_8_9.txt "" 1000000000.0000001 2147483647 1170776343 -gs 40 -nc 0.4 -ne 0.4 -ps 25 -xi 0.4 > /tmp/tmp-2023-12-2915:35:15-0.8490409851074219
Executing cmd: bash SolveVRP.sh ../../Homberger/RC1_8_9.txt "" 1000000000.0000001 2147483647 1170776343 -gs 40 -nc 0.4 -ne 0.4 -ps 25 -xi 0.4 > /tmp/tmp-2023-12-2915:35:15-0.8490409851074219
Result: SAT, 0, 29956, 0, 1170776343
 Same incumbent, new precision:
New Incumbent: 4.100000000000001, 29864.090909090908 [11, 1000000000.0]. With state gs=40, nc=0.4, ne=0.4, ps=25, xi=0.4
now 2023-12-29 15:35:36 -0300; start 2023-12-29 15:21:01 -0300; time-start 874.851053975; maxWall 8640000.0
getAlgoResultsForInstsAndParams.
  Trial 1 for calling: bash SolveVRP.sh ../../Homberger/RC1_8_9.txt "" 1000000000.0000001 2147483647 646980841 -gs 40 -nc 0.4 -ne 0.4 -ps 25 -xi 0.4 > /tmp/tmp-2023-12-2915:35:36-0.34053754806518555
Executing cmd: bash SolveVRP.sh ../../Homberger/RC1_8_9.txt "" 1000000000.0000001 2147483647 646980841 -gs 40 -nc 0.4 -ne 0.4 -ps 25 -xi 0.4 > /tmp/tmp-2023-12-2915:35:36-0.34053754806518555
Result: SAT, 0, 29788, 0, 646980841
 Same incumbent, new precision:
New Incumbent: 4.200000000000001, 29857.75 [12, 1000000000.0]. With state gs=40, nc=0.4, ne=0.4, ps=25, xi=0.4
now 2023-12-29 15:35:57 -0300; start 2023-12-29 15:21:01 -0300; time-start 896.193929984; maxWall 8640000.0
getAlgoResultsForInstsAndParams.
  Trial 1 for calling: bash SolveVRP.sh ../../Homberger/RC1_8_9.txt "" 1000000000.0000001 2147483647 1187404954 -gs 40 -nc 0.4 -ne 0.4 -ps 25 -xi 0.4 > /tmp/tmp-2023-12-2915:35:57-0.21533560752868652
Executing cmd: bash SolveVRP.sh ../../Homberger/RC1_8_9.txt "" 1000000000.0000001 2147483647 1187404954 -gs 40 -nc 0.4 -ne 0.4 -ps 25 -xi 0.4 > /tmp/tmp-2023-12-2915:35:57-0.21533560752868652
Result: SAT, 0, 29911, 0, 1187404954
 Same incumbent, new precision:
New Incumbent: 4.300000000000001, 29861.846153846152 [13, 1000000000.0]. With state gs=40, nc=0.4, ne=0.4, ps=25, xi=0.4
now 2023-12-29 15:36:18 -0300; start 2023-12-29 15:21:01 -0300; time-start 917.446183168; maxWall 8640000.0
getAlgoResultsForInstsAndParams.
  Trial 1 for calling: bash SolveVRP.sh ../../Homberger/RC1_8_9.txt "" 1000000000.0000001 2147483647 852631582 -gs 40 -nc 0.4 -ne 0.4 -ps 25 -xi 0.4 > /tmp/tmp-2023-12-2915:36:18-0.9401342868804932
Executing cmd: bash SolveVRP.sh ../../Homberger/RC1_8_9.txt "" 1000000000.0000001 2147483647 852631582 -gs 40 -nc 0.4 -ne 0.4 -ps 25 -xi 0.4 > /tmp/tmp-2023-12-2915:36:18-0.9401342868804932
Result: SAT, 0, 29866, 0, 852631582
 Same incumbent, new precision:
New Incumbent: 4.4, 29862.14285714286 [14, 1000000000.0]. With state gs=40, nc=0.4, ne=0.4, ps=25, xi=0.4
now 2023-12-29 15:36:40 -0300; start 2023-12-29 15:21:01 -0300; time-start 938.649108108; maxWall 8640000.0
getAlgoResultsForInstsAndParams.
  Trial 1 for calling: bash SolveVRP.sh ../../Homberger/RC1_8_9.txt "" 1000000000.0000001 2147483647 1296531115 -gs 40 -nc 0.4 -ne 0.4 -ps 25 -xi 0.4 > /tmp/tmp-2023-12-2915:36:40-0.5636234283447266
Executing cmd: bash SolveVRP.sh ../../Homberger/RC1_8_9.txt "" 1000000000.0000001 2147483647 1296531115 -gs 40 -nc 0.4 -ne 0.4 -ps 25 -xi 0.4 > /tmp/tmp-2023-12-2915:36:40-0.5636234283447266
Result: SAT, 0, 29904, 0, 1296531115
 Same incumbent, new precision:
New Incumbent: 4.5, 29864.933333333334 [15, 1000000000.0]. With state gs=40, nc=0.4, ne=0.4, ps=25, xi=0.4
now 2023-12-29 15:37:01 -0300; start 2023-12-29 15:21:01 -0300; time-start 960.018727417; maxWall 8640000.0
getAlgoResultsForInstsAndParams.
  Trial 1 for calling: bash SolveVRP.sh ../../Homberger/RC1_8_9.txt "" 1000000000.0000001 2147483647 1353614494 -gs 40 -nc 0.4 -ne 0.4 -ps 25 -xi 0.4 > /tmp/tmp-2023-12-2915:37:01-0.4419858455657959
Executing cmd: bash SolveVRP.sh ../../Homberger/RC1_8_9.txt "" 1000000000.0000001 2147483647 1353614494 -gs 40 -nc 0.4 -ne 0.4 -ps 25 -xi 0.4 > /tmp/tmp-2023-12-2915:37:01-0.4419858455657959
Result: SAT, 0, 30044, 0, 1353614494
 Same incumbent, new precision:
New Incumbent: 4.6, 29876.125 [16, 1000000000.0]. With state gs=40, nc=0.4, ne=0.4, ps=25, xi=0.4
now 2023-12-29 15:37:22 -0300; start 2023-12-29 15:21:01 -0300; time-start 981.251375662; maxWall 8640000.0
getAlgoResultsForInstsAndParams.
  Trial 1 for calling: bash SolveVRP.sh ../../Homberger/RC1_8_9.txt "" 1000000000.0000001 2147483647 1967693548 -gs 40 -nc 0.4 -ne 0.4 -ps 25 -xi 0.4 > /tmp/tmp-2023-12-2915:37:22-0.1486828327178955
Executing cmd: bash SolveVRP.sh ../../Homberger/RC1_8_9.txt "" 1000000000.0000001 2147483647 1967693548 -gs 40 -nc 0.4 -ne 0.4 -ps 25 -xi 0.4 > /tmp/tmp-2023-12-2915:37:22-0.1486828327178955
Result: SAT, 0, 29910, 0, 1967693548
 Same incumbent, new precision:
New Incumbent: 4.699999999999999, 29878.117647058825 [17, 1000000000.0]. With state gs=40, nc=0.4, ne=0.4, ps=25, xi=0.4
now 2023-12-29 15:37:44 -0300; start 2023-12-29 15:21:01 -0300; time-start 1002.59960677; maxWall 8640000.0
getAlgoResultsForInstsAndParams.
  Trial 1 for calling: bash SolveVRP.sh ../../Homberger/RC1_8_9.txt "" 1000000000.0000001 2147483647 682106748 -gs 40 -nc 0.4 -ne 0.4 -ps 25 -xi 0.4 > /tmp/tmp-2023-12-2915:37:44-0.45583343505859375
Executing cmd: bash SolveVRP.sh ../../Homberger/RC1_8_9.txt "" 1000000000.0000001 2147483647 682106748 -gs 40 -nc 0.4 -ne 0.4 -ps 25 -xi 0.4 > /tmp/tmp-2023-12-2915:37:44-0.45583343505859375
Result: SAT, 0, 29862, 0, 682106748
 Same incumbent, new precision:
New Incumbent: 4.799999999999999, 29877.222222222223 [18, 1000000000.0]. With state gs=40, nc=0.4, ne=0.4, ps=25, xi=0.4
now 2023-12-29 15:38:05 -0300; start 2023-12-29 15:21:01 -0300; time-start 1023.954057833; maxWall 8640000.0
getAlgoResultsForInstsAndParams.
  Trial 1 for calling: bash SolveVRP.sh ../../Homberger/RC1_8_9.txt "" 1000000000.0000001 2147483647 1614618394 -gs 40 -nc 0.4 -ne 0.4 -ps 25 -xi 0.4 > /tmp/tmp-2023-12-2915:38:05-0.8134846687316895
Executing cmd: bash SolveVRP.sh ../../Homberger/RC1_8_9.txt "" 1000000000.0000001 2147483647 1614618394 -gs 40 -nc 0.4 -ne 0.4 -ps 25 -xi 0.4 > /tmp/tmp-2023-12-2915:38:05-0.8134846687316895
Result: SAT, 0, 29712, 0, 1614618394
 Same incumbent, new precision:
New Incumbent: 4.899999999999999, 29868.526315789473 [19, 1000000000.0]. With state gs=40, nc=0.4, ne=0.4, ps=25, xi=0.4
now 2023-12-29 15:38:26 -0300; start 2023-12-29 15:21:01 -0300; time-start 1045.320391857; maxWall 8640000.0
getAlgoResultsForInstsAndParams.
  Trial 1 for calling: bash SolveVRP.sh ../../Homberger/RC1_8_9.txt "" 1000000000.0000001 2147483647 498808182 -gs 40 -nc 0.4 -ne 0.4 -ps 25 -xi 0.4 > /tmp/tmp-2023-12-2915:38:26-0.9911935329437256
Executing cmd: bash SolveVRP.sh ../../Homberger/RC1_8_9.txt "" 1000000000.0000001 2147483647 498808182 -gs 40 -nc 0.4 -ne 0.4 -ps 25 -xi 0.4 > /tmp/tmp-2023-12-2915:38:26-0.9911935329437256
Result: SAT, 0, 29796, 0, 498808182
 Same incumbent, new precision:
New Incumbent: 4.999999999999998, 29864.9 [20, 1000000000.0]. With state gs=40, nc=0.4, ne=0.4, ps=25, xi=0.4
now 2023-12-29 15:38:48 -0300; start 2023-12-29 15:21:01 -0300; time-start 1066.650988579; maxWall 8640000.0
getAlgoResultsForInstsAndParams.
  Trial 1 for calling: bash SolveVRP.sh ../../Homberger/RC1_8_9.txt "" 1000000000.0000001 2147483647 1536813498 -gs 40 -nc 0.4 -ne 0.4 -ps 25 -xi 0.4 > /tmp/tmp-2023-12-2915:38:48-0.6294336318969727
Executing cmd: bash SolveVRP.sh ../../Homberger/RC1_8_9.txt "" 1000000000.0000001 2147483647 1536813498 -gs 40 -nc 0.4 -ne 0.4 -ps 25 -xi 0.4 > /tmp/tmp-2023-12-2915:38:48-0.6294336318969727
Result: SAT, 0, 29997, 0, 1536813498
 Same incumbent, new precision:
New Incumbent: 5.099999999999998, 29871.190476190477 [21, 1000000000.0]. With state gs=40, nc=0.4, ne=0.4, ps=25, xi=0.4
          -> After 20 bonus runs for LM: gs=40 nc=0.4 ne=0.4 ps=25 xi=0.4 (29871.190476190477 [based on 21 runs with cutoff 1000000000.0])

   LM for iteration 1: gs=40 nc=0.4 ne=0.4 ps=25 xi=0.4 (29871.190476190477 [based on 21 runs with cutoff 1000000000.0])

========== DETAILED RESULTS (iteration 1): ==========
[["SAT", 0.0, 29590, 0.0, 822569775], ["SAT", 0.0, 29860, 0.0, 2137449171], ["SAT", 0.0, 30025, 0.0, 524453158], ["SAT", 0.0, 29792, 0.0, 1365105717], ["SAT", 0.0, 29867, 0.0, 1880026316], ["SAT", 0.0, 30196, 0.0, 481516916], ["SAT", 0.0, 29902, 0.0, 1225605784], ["SAT", 0.0, 29778, 0.0, 1165481977], ["SAT", 0.0, 29795, 0.0, 1202486927], ["SAT", 0.0, 29744, 0.0, 1549064881], ["SAT", 0.0, 29956, 0.0, 1170776343], ["SAT", 0.0, 29788, 0.0, 646980841], ["SAT", 0.0, 29911, 0.0, 1187404954], ["SAT", 0.0, 29866, 0.0, 852631582], ["SAT", 0.0, 29904, 0.0, 1296531115], ["SAT", 0.0, 30044, 0.0, 1353614494], ["SAT", 0.0, 29910, 0.0, 1967693548], ["SAT", 0.0, 29862, 0.0, 682106748], ["SAT", 0.0, 29712, 0.0, 1614618394], ["SAT", 0.0, 29796, 0.0, 498808182], ["SAT", 0.0, 29997, 0.0, 1536813498]]
../../Homberger/RC1_8_9.txt: 29866		[based on 21 runs]
================================================

==================================================================
Best parameter configuration found so far (end of iteration 1): gs=40, nc=0.4, ne=0.4, ps=25, xi=0.4
==================================================================
Training quality of this incumbent parameter configuration: 29871.190476190477, based on 21 runs with cutoff 1000000000.0
==================================================================

Comparing LM against incumbent:
gs=40 nc=0.4 ne=0.4 ps=25 xi=0.4 (29871.190476190477 [based on 21 runs with cutoff 1000000000.0])
gs=40 nc=0.4 ne=0.4 ps=25 xi=0.4 (29871.190476190477 [based on 21 runs with cutoff 1000000000.0])
LM better, change incumbent
New Incumbent: 5.099999999999998, 29871.190476190477 [21, 1000000000.0]. With state gs=40, nc=0.4, ne=0.4, ps=25, xi=0.4
now 2023-12-29 15:39:09 -0300; start 2023-12-29 15:21:01 -0300; time-start 1087.941918288; maxWall 8640000.0
51/1000, 5.099999999999998/100000000.0
iteration 2, flip 2, evaluation count 51
    perturb to ---> gs=40 nc=0.4 ne=0.4 ps=45 xi=0.4 (29899.0 [based on 1 runs with cutoff 1000000000.0])
    perturb to ---> gs=40 nc=0.4 ne=0.4 ps=35 xi=0.4 (30061.0 [based on 1 runs with cutoff 1000000000.0])
    perturb to ---> gs=40 nc=0.4 ne=0.4 ps=45 xi=0.4 (29899.0 [based on 1 runs with cutoff 1000000000.0])
getAlgoResultsForInstsAndParams.
  Trial 1 for calling: bash SolveVRP.sh ../../Homberger/RC1_8_9.txt "" 1000000000.0000001 2147483647 2137449171 -gs 40 -nc 0.4 -ne 0.4 -ps 45 -xi 0.4 > /tmp/tmp-2023-12-2915:39:09-0.8215856552124023
Executing cmd: bash SolveVRP.sh ../../Homberger/RC1_8_9.txt "" 1000000000.0000001 2147483647 2137449171 -gs 40 -nc 0.4 -ne 0.4 -ps 45 -xi 0.4 > /tmp/tmp-2023-12-2915:39:09-0.8215856552124023
Result: SAT, 0, 30191, 0, 2137449171
   BLS in iteration 2, start with gs=40 nc=0.4 ne=0.4 ps=45 xi=0.4 (30045.0 [based on 2 runs with cutoff 1000000000.0])
now 2023-12-29 15:39:30 -0300; start 2023-12-29 15:21:01 -0300; time-start 1109.313607561; maxWall 8640000.0
now 2023-12-29 15:39:30 -0300; start 2023-12-29 15:21:01 -0300; time-start 1109.313714748; maxWall 8640000.0
    Changing ["gs: 40->70"], evaluating ...
getAlgoResultsForInstsAndParams.
  Trial 1 for calling: bash SolveVRP.sh ../../Homberger/RC1_8_9.txt "" 1000000000.0000001 2147483647 822569775 -gs 70 -nc 0.4 -ne 0.4 -ps 45 -xi 0.4 > /tmp/tmp-2023-12-2915:39:30-0.37110888957977295
Executing cmd: bash SolveVRP.sh ../../Homberger/RC1_8_9.txt "" 1000000000.0000001 2147483647 822569775 -gs 70 -nc 0.4 -ne 0.4 -ps 45 -xi 0.4 > /tmp/tmp-2023-12-2915:39:30-0.37110888957977295
Result: SAT, 0, 29938, 0, 822569775
        -> worse: (29938.0 [based on 1 runs with cutoff 1000000000.0])
now 2023-12-29 15:39:52 -0300; start 2023-12-29 15:21:01 -0300; time-start 1130.517699229; maxWall 8640000.0
    Changing ["ne: 0.4->0.8"], evaluating ...
getAlgoResultsForInstsAndParams.
  Trial 1 for calling: bash SolveVRP.sh ../../Homberger/RC1_8_9.txt "" 1000000000.0000001 2147483647 822569775 -gs 40 -nc 0.4 -ne 0.8 -ps 45 -xi 0.4 > /tmp/tmp-2023-12-2915:39:52-0.6843032836914062
Executing cmd: bash SolveVRP.sh ../../Homberger/RC1_8_9.txt "" 1000000000.0000001 2147483647 822569775 -gs 40 -nc 0.4 -ne 0.8 -ps 45 -xi 0.4 > /tmp/tmp-2023-12-2915:39:52-0.6843032836914062
                                                                                                                                                                                                                                                                     