max wall time = 8640000
/home/elizabeth/Tomas/Tesis/homberger_execution/_20_1000/_RC2_2_10_baseTuning/SolveVRP.params
5 parameters in total
0 parameters are conditional.
0 parameter combinations are forbidden.
num_params = 5, num_combos=3125
seed: 1234
Run 1
Level 
========================================================
Starting ILS for level 1, i.e. a limit of N=2000, and cutoff time=1000000000.0.
Current CPU time = 0, this run goes until 100000000.0 
========================================================
New Incumbent: 0, 100000000 [0, 0]. With state gs=40, nc=0.4, ne=0.4, ps=25, xi=0.4
getAlgoResultsForInstsAndParams.
  Trial 1 for calling: bash SolveVRP.sh ../../Homberger/RC2_2_10.txt "" 1000000000.0000001 2147483647 822569775 -gs 40 -nc 0.4 -ne 0.4 -ps 25 -xi 0.4 > /tmp/tmp-2023-12-2915:16:43-0.3188384771347046
Executing cmd: bash SolveVRP.sh ../../Homberger/RC2_2_10.txt "" 1000000000.0000001 2147483647 822569775 -gs 40 -nc 0.4 -ne 0.4 -ps 25 -xi 0.4 > /tmp/tmp-2023-12-2915:16:43-0.3188384771347046
Result: SAT, 0, 1988, 0, 822569775
 Same incumbent, new precision:
New Incumbent: 0.1, 1988.0 [1, 1000000000.0]. With state gs=40, nc=0.4, ne=0.4, ps=25, xi=0.4
now 2023-12-29 15:17:04 -0300; start 2023-12-29 15:16:43 -0300; time-start 20.393593516; maxWall 8640000.0
getAlgoResultsForInstsAndParams.
  Trial 1 for calling: bash SolveVRP.sh ../../Homberger/RC2_2_10.txt "" 1000000000.0000001 2147483647 822569775 -gs 70 -nc 0.8 -ne 0.8 -ps 5 -xi 0.2 > /tmp/tmp-2023-12-2915:17:04-0.6520390510559082
Executing cmd: bash SolveVRP.sh ../../Homberger/RC2_2_10.txt "" 1000000000.0000001 2147483647 822569775 -gs 70 -nc 0.8 -ne 0.8 -ps 5 -xi 0.2 > /tmp/tmp-2023-12-2915:17:04-0.6520390510559082
Result: SAT, 0, 1999, 0, 822569775
        -> Worse random: gs=70 nc=0.8 ne=0.8 ps=5 xi=0.2 (1999.0 [based on 1 runs with cutoff 1000000000.0])
now 2023-12-29 15:17:24 -0300; start 2023-12-29 15:16:43 -0300; time-start 40.749433719; maxWall 8640000.0
getAlgoResultsForInstsAndParams.
  Trial 1 for calling: bash SolveVRP.sh ../../Homberger/RC2_2_10.txt "" 1000000000.0000001 2147483647 822569775 -gs 20 -nc 0.2 -ne 0.4 -ps 35 -xi 0.8 > /tmp/tmp-2023-12-2915:17:24-0.9687960147857666
Executing cmd: bash SolveVRP.sh ../../Homberger/RC2_2_10.txt "" 1000000000.0000001 2147483647 822569775 -gs 20 -nc 0.2 -ne 0.4 -ps 35 -xi 0.8 > /tmp/tmp-2023-12-2915:17:24-0.9687960147857666
Result: SAT, 0, 1990, 0, 822569775
        -> Worse random: gs=20 nc=0.2 ne=0.4 ps=35 xi=0.8 (1990.0 [based on 1 runs with cutoff 1000000000.0])
now 2023-12-29 15:17:45 -0300; start 2023-12-29 15:16:43 -0300; time-start 61.159671647; maxWall 8640000.0
getAlgoResultsForInstsAndParams.
  Trial 1 for calling: bash SolveVRP.sh ../../Homberger/RC2_2_10.txt "" 1000000000.0000001 2147483647 822569775 -gs 100 -nc 0.4 -ne 0.4 -ps 5 -xi 0.1 > /tmp/tmp-2023-12-2915:17:45-0.015264511108398438
Executing cmd: bash SolveVRP.sh ../../Homberger/RC2_2_10.txt "" 1000000000.0000001 2147483647 822569775 -gs 100 -nc 0.4 -ne 0.4 -ps 5 -xi 0.1 > /tmp/tmp-2023-12-2915:17:45-0.015264511108398438
Result: SAT, 0, 2009, 0, 822569775
        -> Worse random: gs=100 nc=0.4 ne=0.4 ps=5 xi=0.1 (2009.0 [based on 1 runs with cutoff 1000000000.0])
now 2023-12-29 15:18:05 -0300; start 2023-12-29 15:16:43 -0300; time-start 81.596400812; maxWall 8640000.0
getAlgoResultsForInstsAndParams.
  Trial 1 for calling: bash SolveVRP.sh ../../Homberger/RC2_2_10.txt "" 1000000000.0000001 2147483647 822569775 -gs 100 -nc 0.1 -ne 0.2 -ps 25 -xi 0.1 > /tmp/tmp-2023-12-2915:18:05-0.6169533729553223
Executing cmd: bash SolveVRP.sh ../../Homberger/RC2_2_10.txt "" 1000000000.0000001 2147483647 822569775 -gs 100 -nc 0.1 -ne 0.2 -ps 25 -xi 0.1 > /tmp/tmp-2023-12-2915:18:05-0.6169533729553223
Result: SAT, 0, 1988, 0, 822569775
          -> Take improving step to random gs=100 nc=0.1 ne=0.2 ps=25 xi=0.1 (1988.0 [based on 1 runs with cutoff 1000000000.0])

now 2023-12-29 15:18:25 -0300; start 2023-12-29 15:16:43 -0300; time-start 101.954812118; maxWall 8640000.0
getAlgoResultsForInstsAndParams.
  Trial 1 for calling: bash SolveVRP.sh ../../Homberger/RC2_2_10.txt "" 1000000000.0000001 2147483647 822569775 -gs 70 -nc 0.8 -ne 0.4 -ps 25 -xi 0.6 > /tmp/tmp-2023-12-2915:18:25-0.4807246923446655
Executing cmd: bash SolveVRP.sh ../../Homberger/RC2_2_10.txt "" 1000000000.0000001 2147483647 822569775 -gs 70 -nc 0.8 -ne 0.4 -ps 25 -xi 0.6 > /tmp/tmp-2023-12-2915:18:25-0.4807246923446655
Result: SAT, 0, 1975, 0, 822569775
New inc: 1975.0
New Incumbent: 0.6, 1975.0 [1, 1000000000.0]. With state gs=70, nc=0.8, ne=0.4, ps=25, xi=0.6
          -> Take improving step to random gs=70 nc=0.8 ne=0.4 ps=25 xi=0.6 (1975.0 [based on 1 runs with cutoff 1000000000.0])

now 2023-12-29 15:18:46 -0300; start 2023-12-29 15:16:43 -0300; time-start 122.331646664; maxWall 8640000.0
getAlgoResultsForInstsAndParams.
  Trial 1 for calling: bash SolveVRP.sh ../../Homberger/RC2_2_10.txt "" 1000000000.0000001 2147483647 822569775 -gs 70 -nc 0.1 -ne 0.2 -ps 35 -xi 0.1 > /tmp/tmp-2023-12-2915:18:46-0.21506786346435547
Executing cmd: bash SolveVRP.sh ../../Homberger/RC2_2_10.txt "" 1000000000.0000001 2147483647 822569775 -gs 70 -nc 0.1 -ne 0.2 -ps 35 -xi 0.1 > /tmp/tmp-2023-12-2915:18:46-0.21506786346435547
Result: SAT, 0, 1988, 0, 822569775
        -> Worse random: gs=70 nc=0.1 ne=0.2 ps=35 xi=0.1 (1988.0 [based on 1 runs with cutoff 1000000000.0])
now 2023-12-29 15:19:06 -0300; start 2023-12-29 15:16:43 -0300; time-start 142.71471262; maxWall 8640000.0
getAlgoResultsForInstsAndParams.
  Trial 1 for calling: bash SolveVRP.sh ../../Homberger/RC2_2_10.txt "" 1000000000.0000001 2147483647 822569775 -gs 70 -nc 0.4 -ne 0.6 -ps 45 -xi 0.2 > /tmp/tmp-2023-12-2915:19:06-0.7375311851501465
Executing cmd: bash SolveVRP.sh ../../Homberger/RC2_2_10.txt "" 1000000000.0000001 2147483647 822569775 -gs 70 -nc 0.4 -ne 0.6 -ps 45 -xi 0.2 > /tmp/tmp-2023-12-2915:19:06-0.7375311851501465
Result: SAT, 0, 1981, 0, 822569775
        -> Worse random: gs=70 nc=0.4 ne=0.6 ps=45 xi=0.2 (1981.0 [based on 1 runs with cutoff 1000000000.0])
now 2023-12-29 15:19:27 -0300; start 2023-12-29 15:16:43 -0300; time-start 163.102419941; maxWall 8640000.0
getAlgoResultsForInstsAndParams.
  Trial 1 for calling: bash SolveVRP.sh ../../Homberger/RC2_2_10.txt "" 1000000000.0000001 2147483647 822569775 -gs 70 -nc 0.6 -ne 0.6 -ps 25 -xi 0.2 > /tmp/tmp-2023-12-2915:19:27-0.6912460327148438
Executing cmd: bash SolveVRP.sh ../../Homberger/RC2_2_10.txt "" 1000000000.0000001 2147483647 822569775 -gs 70 -nc 0.6 -ne 0.6 -ps 25 -xi 0.2 > /tmp/tmp-2023-12-2915:19:27-0.6912460327148438
Result: SAT, 0, 1975, 0, 822569775
          -> Take improving step to random gs=70 nc=0.6 ne=0.6 ps=25 xi=0.2 (1975.0 [based on 1 runs with cutoff 1000000000.0])

now 2023-12-29 15:19:47 -0300; start 2023-12-29 15:16:43 -0300; time-start 183.496230626; maxWall 8640000.0
getAlgoResultsForInstsAndParams.
  Trial 1 for calling: bash SolveVRP.sh ../../Homberger/RC2_2_10.txt "" 1000000000.0000001 2147483647 822569775 -gs 70 -nc 0.8 -ne 0.4 -ps 35 -xi 0.8 > /tmp/tmp-2023-12-2915:19:47-0.19811034202575684
Executing cmd: bash SolveVRP.sh ../../Homberger/RC2_2_10.txt "" 1000000000.0000001 2147483647 822569775 -gs 70 -nc 0.8 -ne 0.4 -ps 35 -xi 0.8 > /tmp/tmp-2023-12-2915:19:47-0.19811034202575684
Result: SAT, 0, 1976, 0, 822569775
        -> Worse random: gs=70 nc=0.8 ne=0.4 ps=35 xi=0.8 (1976.0 [based on 1 runs with cutoff 1000000000.0])
now 2023-12-29 15:20:07 -0300; start 2023-12-29 15:16:43 -0300; time-start 203.907860945; maxWall 8640000.0
getAlgoResultsForInstsAndParams.
  Trial 1 for calling: bash SolveVRP.sh ../../Homberger/RC2_2_10.txt "" 1000000000.0000001 2147483647 822569775 -gs 20 -nc 0.8 -ne 0.1 -ps 45 -xi 0.2 > /tmp/tmp-2023-12-2915:20:07-0.47074246406555176
Executing cmd: bash SolveVRP.sh ../../Homberger/RC2_2_10.txt "" 1000000000.0000001 2147483647 822569775 -gs 20 -nc 0.8 -ne 0.1 -ps 45 -xi 0.2 > /tmp/tmp-2023-12-2915:20:07-0.47074246406555176
Result: SAT, 0, 1976, 0, 822569775
        -> Worse random: gs=20 nc=0.8 ne=0.1 ps=45 xi=0.2 (1976.0 [based on 1 runs with cutoff 1000000000.0])
   BLS in iteration 1, start with gs=70 nc=0.6 ne=0.6 ps=25 xi=0.2 (1975.0 [based on 1 runs with cutoff 1000000000.0])
now 2023-12-29 15:20:28 -0300; start 2023-12-29 15:16:43 -0300; time-start 224.305977722; maxWall 8640000.0
now 2023-12-29 15:20:28 -0300; start 2023-12-29 15:16:43 -0300; time-start 224.306068596; maxWall 8640000.0
    Changing ["nc: 0.6->0.2"], evaluating ...
getAlgoResultsForInstsAndParams.
  Trial 1 for calling: bash SolveVRP.sh ../../Homberger/RC2_2_10.txt "" 1000000000.0000001 2147483647 822569775 -gs 70 -nc 0.2 -ne 0.6 -ps 25 -xi 0.2 > /tmp/tmp-2023-12-2915:20:28-0.6417808532714844
Executing cmd: bash SolveVRP.sh ../../Homberger/RC2_2_10.txt "" 1000000000.0000001 2147483647 822569775 -gs 70 -nc 0.2 -ne 0.6 -ps 25 -xi 0.2 > /tmp/tmp-2023-12-2915:20:28-0.6417808532714844
Result: SAT, 0, 1992, 0, 822569775
        -> worse: (1992.0 [based on 1 runs with cutoff 1000000000.0])
now 2023-12-29 15:20:48 -0300; start 2023-12-29 15:16:43 -0300; time-start 244.702765864; maxWall 8640000.0
    Changing ["ps: 25->35"], evaluating ...
getAlgoResultsForInstsAndParams.
  Trial 1 for calling: bash SolveVRP.sh ../../Homberger/RC2_2_10.txt "" 1000000000.0000001 2147483647 822569775 -gs 70 -nc 0.6 -ne 0.6 -ps 35 -xi 0.2 > /tmp/tmp-2023-12-2915:20:48-0.25722622871398926
Executing cmd: bash SolveVRP.sh ../../Homberger/RC2_2_10.txt "" 1000000000.0000001 2147483647 822569775 -gs 70 -nc 0.6 -ne 0.6 -ps 35 -xi 0.2 > /tmp/tmp-2023-12-2915:20:48-0.25722622871398926
Result: SAT, 0, 1975, 0, 822569775
          -> Take improving step to neighbour gs=70 nc=0.6 ne=0.6 ps=35 xi=0.2 (1975.0 [based on 1 runs with cutoff 1000000000.0]) with flip 1

          
============= Performing 2 bonus runs of state: gs=70 nc=0.6 ne=0.6 ps=35 xi=0.2 (1975.0 [based on 1 runs with cutoff 1000000000.0]) ============ 

now 2023-12-29 15:21:09 -0300; start 2023-12-29 15:16:43 -0300; time-start 265.105757884; maxWall 8640000.0
State wants more detail (1+1) than incumbent (1), doing incumbent first:
gs=70 nc=0.6 ne=0.6 ps=35 xi=0.2 (1975.0 [based on 1 runs with cutoff 1000000000.0])
gs=70 nc=0.8 ne=0.4 ps=25 xi=0.6 (1975.0 [based on 1 runs with cutoff 1000000000.0])
getAlgoResultsForInstsAndParams.
  Trial 1 for calling: bash SolveVRP.sh ../../Homberger/RC2_2_10.txt "" 1000000000.0000001 2147483647 2137449171 -gs 70 -nc 0.8 -ne 0.4 -ps 25 -xi 0.6 > /tmp/tmp-2023-12-2915:21:09-0.04442596435546875
Executing cmd: bash SolveVRP.sh ../../Homberger/RC2_2_10.txt "" 1000000000.0000001 2147483647 2137449171 -gs 70 -nc 0.8 -ne 0.4 -ps 25 -xi 0.6 > /tmp/tmp-2023-12-2915:21:09-0.04442596435546875
Result: SAT, 0, 1975, 0, 2137449171
 Same incumbent, new precision:
New Incumbent: 1.4000000000000001, 1975.0 [2, 1000000000.0]. With state gs=70, nc=0.8, ne=0.4, ps=25, xi=0.6
getAlgoResultsForInstsAndParams.
  Trial 1 for calling: bash SolveVRP.sh ../../Homberger/RC2_2_10.txt "" 1000000000.0000001 2147483647 2137449171 -gs 70 -nc 0.6 -ne 0.6 -ps 35 -xi 0.2 > /tmp/tmp-2023-12-2915:21:29-0.632030725479126
Executing cmd: bash SolveVRP.sh ../../Homberger/RC2_2_10.txt "" 1000000000.0000001 2147483647 2137449171 -gs 70 -nc 0.6 -ne 0.6 -ps 35 -xi 0.2 > /tmp/tmp-2023-12-2915:21:29-0.632030725479126
Result: SAT, 0, 1995, 0, 2137449171
now 2023-12-29 15:21:49 -0300; start 2023-12-29 15:16:43 -0300; time-start 305.998863708; maxWall 8640000.0
State wants more detail (2+1) than incumbent (2), doing incumbent first:
gs=70 nc=0.6 ne=0.6 ps=35 xi=0.2 (1985.0 [based on 2 runs with cutoff 1000000000.0])
gs=70 nc=0.8 ne=0.4 ps=25 xi=0.6 (1975.0 [based on 2 runs with cutoff 1000000000.0])
getAlgoResultsForInstsAndParams.
  Trial 1 for calling: bash SolveVRP.sh ../../Homberger/RC2_2_10.txt "" 1000000000.0000001 2147483647 524453158 -gs 70 -nc 0.8 -ne 0.4 -ps 25 -xi 0.6 > /tmp/tmp-2023-12-2915:21:49-0.09313321113586426
Executing cmd: bash SolveVRP.sh ../../Homberger/RC2_2_10.txt "" 1000000000.0000001 2147483647 524453158 -gs 70 -nc 0.8 -ne 0.4 -ps 25 -xi 0.6 > /tmp/tmp-2023-12-2915:21:49-0.09313321113586426
Result: SAT, 0, 1975, 0, 524453158
 Same incumbent, new precision:
New Incumbent: 1.6000000000000003, 1975.0 [3, 1000000000.0]. With state gs=70, nc=0.8, ne=0.4, ps=25, xi=0.6
getAlgoResultsForInstsAndParams.
  Trial 1 for calling: bash SolveVRP.sh ../../Homberger/RC2_2_10.txt "" 1000000000.0000001 2147483647 524453158 -gs 70 -nc 0.6 -ne 0.6 -ps 35 -xi 0.2 > /tmp/tmp-2023-12-2915:22:10-0.3851752281188965
Executing cmd: bash SolveVRP.sh ../../Homberger/RC2_2_10.txt "" 1000000000.0000001 2147483647 524453158 -gs 70 -nc 0.6 -ne 0.6 -ps 35 -xi 0.2 > /tmp/tmp-2023-12-2915:22:10-0.3851752281188965
Result: SAT, 0, 1987, 0, 524453158
          -> After 2 bonus runs: gs=70 nc=0.6 ne=0.6 ps=35 xi=0.2 (1985.6666666666667 [based on 3 runs with cutoff 1000000000.0])

now 2023-12-29 15:22:30 -0300; start 2023-12-29 15:16:43 -0300; time-start 346.72526459; maxWall 8640000.0
now 2023-12-29 15:22:30 -0300; start 2023-12-29 15:16:43 -0300; time-start 346.725369355; maxWall 8640000.0
    Changing ["xi: 0.2->0.1"], evaluating ...
getAlgoResultsForInstsAndParams.
  Trial 1 for calling: bash SolveVRP.sh ../../Homberger/RC2_2_10.txt "" 1000000000.0000001 2147483647 822569775 -gs 70 -nc 0.6 -ne 0.6 -ps 35 -xi 0.1 > /tmp/tmp-2023-12-2915:22:30-0.013590097427368164
Executing cmd: bash SolveVRP.sh ../../Homberger/RC2_2_10.txt "" 1000000000.0000001 2147483647 822569775 -gs 70 -nc 0.6 -ne 0.6 -ps 35 -xi 0.1 > /tmp/tmp-2023-12-2915:22:30-0.013590097427368164
Result: SAT, 0, 1978, 0, 822569775
        -> worse: (1978.0 [based on 1 runs with cutoff 1000000000.0])
now 2023-12-29 15:22:50 -0300; start 2023-12-29 15:16:43 -0300; time-start 367.079160218; maxWall 8640000.0
    Changing ["ne: 0.6->0.2"], evaluating ...
getAlgoResultsForInstsAndParams.
  Trial 1 for calling: bash SolveVRP.sh ../../Homberger/RC2_2_10.txt "" 1000000000.0000001 2147483647 822569775 -gs 70 -nc 0.6 -ne 0.2 -ps 35 -xi 0.2 > /tmp/tmp-2023-12-2915:22:50-0.5009058713912964
Executing cmd: bash SolveVRP.sh ../../Homberger/RC2_2_10.txt "" 1000000000.0000001 2147483647 822569775 -gs 70 -nc 0.6 -ne 0.2 -ps 35 -xi 0.2 > /tmp/tmp-2023-12-2915:22:50-0.5009058713912964
Result: SAT, 0, 1975, 0, 822569775
now 2023-12-29 15:23:11 -0300; start 2023-12-29 15:16:43 -0300; time-start 387.546153898; maxWall 8640000.0
getAlgoResultsForInstsAndParams.
  Trial 1 for calling: bash SolveVRP.sh ../../Homberger/RC2_2_10.txt "" 1000000000.0000001 2147483647 2137449171 -gs 70 -nc 0.6 -ne 0.2 -ps 35 -xi 0.2 > /tmp/tmp-2023-12-2915:23:11-0.9947910308837891
Executing cmd: bash SolveVRP.sh ../../Homberger/RC2_2_10.txt "" 1000000000.0000001 2147483647 2137449171 -gs 70 -nc 0.6 -ne 0.2 -ps 35 -xi 0.2 > /tmp/tmp-2023-12-2915:23:11-0.9947910308837891
Result: SAT, 0, 1981, 0, 2137449171
now 2023-12-29 15:23:31 -0300; start 2023-12-29 15:16:43 -0300; time-start 407.909336323; maxWall 8640000.0
getAlgoResultsForInstsAndParams.
  Trial 1 for calling: bash SolveVRP.sh ../../Homberger/RC2_2_10.txt "" 1000000000.0000001 2147483647 524453158 -gs 70 -nc 0.6 -ne 0.2 -ps 35 -xi 0.2 > /tmp/tmp-2023-12-2915:23:31-0.05418550968170166
Executing cmd: bash SolveVRP.sh ../../Homberger/RC2_2_10.txt "" 1000000000.0000001 2147483647 524453158 -gs 70 -nc 0.6 -ne 0.2 -ps 35 -xi 0.2 > /tmp/tmp-2023-12-2915:23:31-0.05418550968170166
Result: SAT, 0, 1975, 0, 524453158
          -> Take improving step to neighbour gs=70 nc=0.6 ne=0.2 ps=35 xi=0.2 (1977.0 [based on 3 runs with cutoff 1000000000.0]) with flip 2

          
============= Performing 2 bonus runs of state: gs=70 nc=0.6 ne=0.2 ps=35 xi=0.2 (1977.0 [based on 3 runs with cutoff 1000000000.0]) ============ 

now 2023-12-29 15:23:52 -0300; start 2023-12-29 15:16:43 -0300; time-start 428.312034577; maxWall 8640000.0
State wants more detail (3+1) than incumbent (3), doing incumbent first:
gs=70 nc=0.6 ne=0.2 ps=35 xi=0.2 (1977.0 [based on 3 runs with cutoff 1000000000.0])
gs=70 nc=0.8 ne=0.4 ps=25 xi=0.6 (1975.0 [based on 3 runs with cutoff 1000000000.0])
getAlgoResultsForInstsAndParams.
  Trial 1 for calling: bash SolveVRP.sh ../../Homberger/RC2_2_10.txt "" 1000000000.0000001 2147483647 1365105717 -gs 70 -nc 0.8 -ne 0.4 -ps 25 -xi 0.6 > /tmp/tmp-2023-12-2915:23:52-0.20955419540405273
Executing cmd: bash SolveVRP.sh ../../Homberger/RC2_2_10.txt "" 1000000000.0000001 2147483647 1365105717 -gs 70 -nc 0.8 -ne 0.4 -ps 25 -xi 0.6 > /tmp/tmp-2023-12-2915:23:52-0.20955419540405273
Result: SAT, 0, 1975, 0, 1365105717
 Same incumbent, new precision:
New Incumbent: 2.2000000000000006, 1975.0 [4, 1000000000.0]. With state gs=70, nc=0.8, ne=0.4, ps=25, xi=0.6
getAlgoResultsForInstsAndParams.
  Trial 1 for calling: bash SolveVRP.sh ../../Homberger/RC2_2_10.txt "" 1000000000.0000001 2147483647 1365105717 -gs 70 -nc 0.6 -ne 0.2 -ps 35 -xi 0.2 > /tmp/tmp-2023-12-2915:24:12-0.5461351871490479
Executing cmd: bash SolveVRP.sh ../../Homberger/RC2_2_10.txt "" 1000000000.0000001 2147483647 1365105717 -gs 70 -nc 0.6 -ne 0.2 -ps 35 -xi 0.2 > /tmp/tmp-2023-12-2915:24:12-0.5461351871490479
Result: SAT, 0, 1975, 0, 1365105717
now 2023-12-29 15:24:33 -0300; start 2023-12-29 15:16:43 -0300; time-start 469.102723781; maxWall 8640000.0
State wants more detail (4+1) than incumbent (4), doing incumbent first:
gs=70 nc=0.6 ne=0.2 ps=35 xi=0.2 (1976.5 [based on 4 runs with cutoff 1000000000.0])
gs=70 nc=0.8 ne=0.4 ps=25 xi=0.6 (1975.0 [based on 4 runs with cutoff 1000000000.0])
getAlgoResultsForInstsAndParams.
  Trial 1 for calling: bash SolveVRP.sh ../../Homberger/RC2_2_10.txt "" 1000000000.0000001 2147483647 1880026316 -gs 70 -nc 0.8 -ne 0.4 -ps 25 -xi 0.6 > /tmp/tmp-2023-12-2915:24:33-0.9182357788085938
Executing cmd: bash SolveVRP.sh ../../Homberger/RC2_2_10.txt "" 1000000000.0000001 2147483647 1880026316 -gs 70 -nc 0.8 -ne 0.4 -ps 25 -xi 0.6 > /tmp/tmp-2023-12-2915:24:33-0.9182357788085938
Result: SAT, 0, 1976, 0, 1880026316
 Same incumbent, new precision:
New Incumbent: 2.400000000000001, 1975.2 [5, 1000000000.0]. With state gs=70, nc=0.8, ne=0.4, ps=25, xi=0.6
getAlgoResultsForInstsAndParams.
  Trial 1 for calling: bash SolveVRP.sh ../../Homberger/RC2_2_10.txt "" 1000000000.0000001 2147483647 1880026316 -gs 70 -nc 0.6 -ne 0.2 -ps 35 -xi 0.2 > /tmp/tmp-2023-12-2915:24:53-0.17942476272583008
Executing cmd: bash SolveVRP.sh ../../Homberger/RC2_2_10.txt "" 1000000000.0000001 2147483647 1880026316 -gs 70 -nc 0.6 -ne 0.2 -ps 35 -xi 0.2 > /tmp/tmp-2023-12-2915:24:53-0.17942476272583008
Result: SAT, 0, 1975, 0, 1880026316
          -> After 2 bonus runs: gs=70 nc=0.6 ne=0.2 ps=35 xi=0.2 (1976.2 [based on 5 runs with cutoff 1000000000.0])

now 2023-12-29 15:25:13 -0300; start 2023-12-29 15:16:43 -0300; time-start 509.921434267; maxWall 8640000.0
now 2023-12-29 15:25:13 -0300; start 2023-12-29 15:16:43 -0300; time-start 509.921492135; maxWall 8640000.0
    Changing ["ne: 0.2->0.1"], evaluating ...
getAlgoResultsForInstsAndParams.
  Trial 1 for calling: bash SolveVRP.sh ../../Homberger/RC2_2_10.txt "" 1000000000.0000001 2147483647 822569775 -gs 70 -nc 0.6 -ne 0.1 -ps 35 -xi 0.2 > /tmp/tmp-2023-12-2915:25:13-0.4601236581802368
Executing cmd: bash SolveVRP.sh ../../Homberger/RC2_2_10.txt "" 1000000000.0000001 2147483647 822569775 -gs 70 -nc 0.6 -ne 0.1 -ps 35 -xi 0.2 > /tmp/tmp-2023-12-2915:25:13-0.4601236581802368
Result: SAT, 0, 1976, 0, 822569775
        -> worse: (1976.0 [based on 1 runs with cutoff 1000000000.0])
now 2023-12-29 15:25:34 -0300; start 2023-12-29 15:16:43 -0300; time-start 530.301584492; maxWall 8640000.0
    Changing ["ps: 35->15"], evaluating ...
getAlgoResultsForInstsAndParams.
  Trial 1 for calling: bash SolveVRP.sh ../../Homberger/RC2_2_10.txt "" 1000000000.0000001 2147483647 822569775 -gs 70 -nc 0.6 -ne 0.2 -ps 15 -xi 0.2 > /tmp/tmp-2023-12-2915:25:34-0.7102704048156738
Executing cmd: bash SolveVRP.sh ../../Homberger/RC2_2_10.txt "" 1000000000.0000001 2147483647 822569775 -gs 70 -nc 0.6 -ne 0.2 -ps 15 -xi 0.2 > /tmp/tmp-2023-12-2915:25:34-0.7102704048156738
Result: SAT, 0, 1985, 0, 822569775
        -> worse: (1985.0 [based on 1 runs with cutoff 1000000000.0])
now 2023-12-29 15:25:54 -0300; start 2023-12-29 15:16:43 -0300; time-start 550.737367238; maxWall 8640000.0
    Changing ["nc: 0.6->0.4"], evaluating ...
getAlgoResultsForInstsAndParams.
  Trial 1 for calling: bash SolveVRP.sh ../../Homberger/RC2_2_10.txt "" 1000000000.0000001 2147483647 822569775 -gs 70 -nc 0.4 -ne 0.2 -ps 35 -xi 0.2 > /tmp/tmp-2023-12-2915:25:54-0.827603816986084
Executing cmd: bash SolveVRP.sh ../../Homberger/RC2_2_10.txt "" 1000000000.0000001 2147483647 822569775 -gs 70 -nc 0.4 -ne 0.2 -ps 35 -xi 0.2 > /tmp/tmp-2023-12-2915:25:54-0.827603816986084
Result: SAT, 0, 1977, 0, 822569775
        -> worse: (1977.0 [based on 1 runs with cutoff 1000000000.0])
now 2023-12-29 15:26:15 -0300; start 2023-12-29 15:16:43 -0300; time-start 571.181998448; maxWall 8640000.0
    Changing ["ps: 35->45"], evaluating ...
getAlgoResultsForInstsAndParams.
  Trial 1 for calling: bash SolveVRP.sh ../../Homberger/RC2_2_10.txt "" 1000000000.0000001 2147483647 822569775 -gs 70 -nc 0.6 -ne 0.2 -ps 45 -xi 0.2 > /tmp/tmp-2023-12-2915:26:15-0.7322235107421875
Executing cmd: bash SolveVRP.sh ../../Homberger/RC2_2_10.txt "" 1000000000.0000001 2147483647 822569775 -gs 70 -nc 0.6 -ne 0.2 -ps 45 -xi 0.2 > /tmp/tmp-2023-12-2915:26:15-0.7322235107421875
Result: SAT, 0, 1985, 0, 822569775
        -> worse: (1985.0 [based on 1 runs with cutoff 1000000000.0])
now 2023-12-29 15:26:35 -0300; start 2023-12-29 15:16:43 -0300; time-start 591.549479123; maxWall 8640000.0
    Changing ["ps: 35->5"], evaluating ...
getAlgoResultsForInstsAndParams.
  Trial 1 for calling: bash SolveVRP.sh ../../Homberger/RC2_2_10.txt "" 1000000000.0000001 2147483647 822569775 -gs 70 -nc 0.6 -ne 0.2 -ps 5 -xi 0.2 > /tmp/tmp-2023-12-2915:26:35-0.27637696266174316
Executing cmd: bash SolveVRP.sh ../../Homberger/RC2_2_10.txt "" 1000000000.0000001 2147483647 822569775 -gs 70 -nc 0.6 -ne 0.2 -ps 5 -xi 0.2 > /tmp/tmp-2023-12-2915:26:35-0.27637696266174316
Result: SAT, 0, 1986, 0, 822569775
        -> worse: (1986.0 [based on 1 runs with cutoff 1000000000.0])
now 2023-12-29 15:26:55 -0300; start 2023-12-29 15:16:43 -0300; time-start 611.982271919; maxWall 8640000.0
    Changing ["gs: 70->100"], evaluating ...
getAlgoResultsForInstsAndParams.
  Trial 1 for calling: bash SolveVRP.sh ../../Homberger/RC2_2_10.txt "" 1000000000.0000001 2147483647 822569775 -gs 100 -nc 0.6 -ne 0.2 -ps 35 -xi 0.2 > /tmp/tmp-2023-12-2915:26:55-0.9946584701538086
Executing cmd: bash SolveVRP.sh ../../Homberger/RC2_2_10.txt "" 1000000000.0000001 2147483647 822569775 -gs 100 -nc 0.6 -ne 0.2 -ps 35 -xi 0.2 > /tmp/tmp-2023-12-2915:26:55-0.9946584701538086
Result: SAT, 0, 1975, 0, 822569775
now 2023-12-29 15:27:16 -0300; start 2023-12-29 15:16:43 -0300; time-start 632.380238515; maxWall 8640000.0
getAlgoResultsForInstsAndParams.
  Trial 1 for calling: bash SolveVRP.sh ../../Homberger/RC2_2_10.txt "" 1000000000.0000001 2147483647 2137449171 -gs 100 -nc 0.6 -ne 0.2 -ps 35 -xi 0.2 > /tmp/tmp-2023-12-2915:27:16-0.21895551681518555
Executing cmd: bash SolveVRP.sh ../../Homberger/RC2_2_10.txt "" 1000000000.0000001 2147483647 2137449171 -gs 100 -nc 0.6 -ne 0.2 -ps 35 -xi 0.2 > /tmp/tmp-2023-12-2915:27:16-0.21895551681518555
Result: SAT, 0, 1976, 0, 2137449171
now 2023-12-29 15:27:36 -0300; start 2023-12-29 15:16:43 -0300; time-start 652.755419056; maxWall 8640000.0
getAlgoResultsForInstsAndParams.
  Trial 1 for calling: bash SolveVRP.sh ../../Homberger/RC2_2_10.txt "" 1000000000.0000001 2147483647 524453158 -gs 100 -nc 0.6 -ne 0.2 -ps 35 -xi 0.2 > /tmp/tmp-2023-12-2915:27:36-0.4725017547607422
Executing cmd: bash SolveVRP.sh ../../Homberger/RC2_2_10.txt "" 1000000000.0000001 2147483647 524453158 -gs 100 -nc 0.6 -ne 0.2 -ps 35 -xi 0.2 > /tmp/tmp-2023-12-2915:27:36-0.4725017547607422
Result: SAT, 0, 1975, 0, 524453158
now 2023-12-29 15:27:57 -0300; start 2023-12-29 15:16:43 -0300; time-start 673.151102138; maxWall 8640000.0
getAlgoResultsForInstsAndParams.
  Trial 1 for calling: bash SolveVRP.sh ../../Homberger/RC2_2_10.txt "" 1000000000.0000001 2147483647 1365105717 -gs 100 -nc 0.6 -ne 0.2 -ps 35 -xi 0.2 > /tmp/tmp-2023-12-2915:27:57-0.2938232421875
Executing cmd: bash SolveVRP.sh ../../Homberger/RC2_2_10.txt "" 1000000000.0000001 2147483647 1365105717 -gs 100 -nc 0.6 -ne 0.2 -ps 35 -xi 0.2 > /tmp/tmp-2023-12-2915:27:57-0.2938232421875
Result: SAT, 0, 1975, 0, 1365105717
now 2023-12-29 15:28:17 -0300; start 2023-12-29 15:16:43 -0300; time-start 693.601415917; maxWall 8640000.0
getAlgoResultsForInstsAndParams.
  Trial 1 for calling: bash SolveVRP.sh ../../Homberger/RC2_2_10.txt "" 1000000000.0000001 2147483647 1880026316 -gs 100 -nc 0.6 -ne 0.2 -ps 35 -xi 0.2 > /tmp/tmp-2023-12-2915:28:17-0.7566940784454346
Executing cmd: bash SolveVRP.sh ../../Homberger/RC2_2_10.txt "" 1000000000.0000001 2147483647 1880026316 -gs 100 -nc 0.6 -ne 0.2 -ps 35 -xi 0.2 > /tmp/tmp-2023-12-2915:28:17-0.7566940784454346
Result: SAT, 0, 1975, 0, 1880026316
          -> Take improving step to neighbour gs=100 nc=0.6 ne=0.2 ps=35 xi=0.2 (1975.2 [based on 5 runs with cutoff 1000000000.0]) with flip 3

          
============= Performing 6 bonus runs of state: gs=100 nc=0.6 ne=0.2 ps=35 xi=0.2 (1975.2 [based on 5 runs with cutoff 1000000000.0]) ============ 

now 2023-12-29 15:28:37 -0300; start 2023-12-29 15:16:43 -0300; time-start 713.991140963; maxWall 8640000.0
State wants more detail (5+1) than incumbent (5), doing incumbent first:
gs=100 nc=0.6 ne=0.2 ps=35 xi=0.2 (1975.2 [based on 5 runs with cutoff 1000000000.0])
gs=70 nc=0.8 ne=0.4 ps=25 xi=0.6 (1975.2 [based on 5 runs with cutoff 1000000000.0])
getAlgoResultsForInstsAndParams.
  Trial 1 for calling: bash SolveVRP.sh ../../Homberger/RC2_2_10.txt "" 1000000000.0000001 2147483647 481516916 -gs 70 -nc 0.8 -ne 0.4 -ps 25 -xi 0.6 > /tmp/tmp-2023-12-2915:28:37-0.8456777334213257
Executing cmd: bash SolveVRP.sh ../../Homberger/RC2_2_10.txt "" 1000000000.0000001 2147483647 481516916 -gs 70 -nc 0.8 -ne 0.4 -ps 25 -xi 0.6 > /tmp/tmp-2023-12-2915:28:37-0.8456777334213257
Result: SAT, 0, 1975, 0, 481516916
 Same incumbent, new precision:
New Incumbent: 3.600000000000002, 1975.1666666666667 [6, 1000000000.0]. With state gs=70, nc=0.8, ne=0.4, ps=25, xi=0.6
getAlgoResultsForInstsAndParams.
  Trial 1 for calling: bash SolveVRP.sh ../../Homberger/RC2_2_10.txt "" 1000000000.0000001 2147483647 481516916 -gs 100 -nc 0.6 -ne 0.2 -ps 35 -xi 0.2 > /tmp/tmp-2023-12-2915:28:58-0.5426950454711914
Executing cmd: bash SolveVRP.sh ../../Homberger/RC2_2_10.txt "" 1000000000.0000001 2147483647 481516916 -gs 100 -nc 0.6 -ne 0.2 -ps 35 -xi 0.2 > /tmp/tmp-2023-12-2915:28:58-0.5426950454711914
Result: SAT, 0, 1977, 0, 481516916
now 2023-12-29 15:29:18 -0300; start 2023-12-29 15:16:43 -0300; time-start 754.744176109; maxWall 8640000.0
State wants more detail (6+1) than incumbent (6), doing incumbent first:
gs=100 nc=0.6 ne=0.2 ps=35 xi=0.2 (1975.5 [based on 6 runs with cutoff 1000000000.0])
gs=70 nc=0.8 ne=0.4 ps=25 xi=0.6 (1975.1666666666667 [based on 6 runs with cutoff 1000000000.0])
getAlgoResultsForInstsAndParams.
  Trial 1 for calling: bash SolveVRP.sh ../../Homberger/RC2_2_10.txt "" 1000000000.0000001 2147483647 1225605784 -gs 70 -nc 0.8 -ne 0.4 -ps 25 -xi 0.6 > /tmp/tmp-2023-12-2915:29:18-0.9698033332824707
Executing cmd: bash SolveVRP.sh ../../Homberger/RC2_2_10.txt "" 1000000000.0000001 2147483647 1225605784 -gs 70 -nc 0.8 -ne 0.4 -ps 25 -xi 0.6 > /tmp/tmp-2023-12-2915:29:18-0.9698033332824707
Result: SAT, 0, 1975, 0, 1225605784
 Same incumbent, new precision:
New Incumbent: 3.800000000000002, 1975.142857142857 [7, 1000000000.0]. With state gs=70, nc=0.8, ne=0.4, ps=25, xi=0.6
getAlgoResultsForInstsAndParams.
  Trial 1 for calling: bash SolveVRP.sh ../../Homberger/RC2_2_10.txt "" 1000000000.0000001 2147483647 1225605784 -gs 100 -nc 0.6 -ne 0.2 -ps 35 -xi 0.2 > /tmp/tmp-2023-12-2915:29:39-0.7796897888183594
Executing cmd: bash SolveVRP.sh ../../Homberger/RC2_2_10.txt "" 1000000000.0000001 2147483647 1225605784 -gs 100 -nc 0.6 -ne 0.2 -ps 35 -xi 0.2 > /tmp/tmp-2023-12-2915:29:39-0.7796897888183594
Result: SAT, 0, 1987, 0, 1225605784
now 2023-12-29 15:29:59 -0300; start 2023-12-29 15:16:43 -0300; time-start 795.53875122; maxWall 8640000.0
State wants more detail (7+1) than incumbent (7), doing incumbent first:
gs=100 nc=0.6 ne=0.2 ps=35 xi=0.2 (1977.142857142857 [based on 7 runs with cutoff 1000000000.0])
gs=70 nc=0.8 ne=0.4 ps=25 xi=0.6 (1975.142857142857 [based on 7 runs with cutoff 1000000000.0])
getAlgoResultsForInstsAndParams.
  Trial 1 for calling: bash SolveVRP.sh ../../Homberger/RC2_2_10.txt "" 1000000000.0000001 2147483647 1165481977 -gs 70 -nc 0.8 -ne 0.4 -ps 25 -xi 0.6 > /tmp/tmp-2023-12-2915:29:59-0.45453715324401855
Executing cmd: bash SolveVRP.sh ../../Homberger/RC2_2_10.txt "" 1000000000.0000001 2147483647 1165481977 -gs 70 -nc 0.8 -ne 0.4 -ps 25 -xi 0.6 > /tmp/tmp-2023-12-2915:29:59-0.45453715324401855
Result: SAT, 0, 1987, 0, 1165481977
 Same incumbent, new precision:
New Incumbent: 4.000000000000002, 1976.625 [8, 1000000000.0]. With state gs=70, nc=0.8, ne=0.4, ps=25, xi=0.6
getAlgoResultsForInstsAndParams.
  Trial 1 for calling: bash SolveVRP.sh ../../Homberger/RC2_2_10.txt "" 1000000000.0000001 2147483647 1165481977 -gs 100 -nc 0.6 -ne 0.2 -ps 35 -xi 0.2 > /tmp/tmp-2023-12-2915:30:19-0.10229456424713135
Executing cmd: bash SolveVRP.sh ../../Homberger/RC2_2_10.txt "" 1000000000.0000001 2147483647 1165481977 -gs 100 -nc 0.6 -ne 0.2 -ps 35 -xi 0.2 > /tmp/tmp-2023-12-2915:30:19-0.10229456424713135
Result: SAT, 0, 1987, 0, 1165481977
now 2023-12-29 15:30:40 -0300; start 2023-12-29 15:16:43 -0300; time-start 836.35355729; maxWall 8640000.0
State wants more detail (8+1) than incumbent (8), doing incumbent first:
gs=100 nc=0.6 ne=0.2 ps=35 xi=0.2 (1978.375 [based on 8 runs with cutoff 1000000000.0])
gs=70 nc=0.8 ne=0.4 ps=25 xi=0.6 (1976.625 [based on 8 runs with cutoff 1000000000.0])
getAlgoResultsForInstsAndParams.
  Trial 1 for calling: bash SolveVRP.sh ../../Homberger/RC2_2_10.txt "" 1000000000.0000001 2147483647 1202486927 -gs 70 -nc 0.8 -ne 0.4 -ps 25 -xi 0.6 > /tmp/tmp-2023-12-2915:30:40-0.2720308303833008
Executing cmd: bash SolveVRP.sh ../../Homberger/RC2_2_10.txt "" 1000000000.0000001 2147483647 1202486927 -gs 70 -nc 0.8 -ne 0.4 -ps 25 -xi 0.6 > /tmp/tmp-2023-12-2915:30:40-0.2720308303833008
Result: SAT, 0, 1975, 0, 1202486927
 Same incumbent, new precision:
New Incumbent: 4.200000000000001, 1976.4444444444443 [9, 1000000000.0]. With state gs=70, nc=0.8, ne=0.4, ps=25, xi=0.6
getAlgoResultsForInstsAndParams.
  Trial 1 for calling: bash SolveVRP.sh ../../Homberger/RC2_2_10.txt "" 1000000000.0000001 2147483647 1202486927 -gs 100 -nc 0.6 -ne 0.2 -ps 35 -xi 0.2 > /tmp/tmp-2023-12-2915:31:00-0.41161489486694336
Executing cmd: bash SolveVRP.sh ../../Homberger/RC2_2_10.txt "" 1000000000.0000001 2147483647 1202486927 -gs 100 -nc 0.6 -ne 0.2 -ps 35 -xi 0.2 > /tmp/tmp-2023-12-2915:31:00-0.41161489486694336
Result: SAT, 0, 1987, 0, 1202486927
now 2023-12-29 15:31:21 -0300; start 2023-12-29 15:16:43 -0300; time-start 877.262532571; maxWall 8640000.0
State wants more detail (9+1) than incumbent (9), doing incumbent first:
gs=100 nc=0.6 ne=0.2 ps=35 xi=0.2 (1979.3333333333333 [based on 9 runs with cutoff 1000000000.0])
gs=70 nc=0.8 ne=0.4 ps=25 xi=0.6 (1976.4444444444443 [based on 9 runs with cutoff 1000000000.0])
getAlgoResultsForInstsAndParams.
  Trial 1 for calling: bash SolveVRP.sh ../../Homberger/RC2_2_10.txt "" 1000000000.0000001 2147483647 1549064881 -gs 70 -nc 0.8 -ne 0.4 -ps 25 -xi 0.6 > /tmp/tmp-2023-12-2915:31:21-0.7931365966796875
Executing cmd: bash SolveVRP.sh ../../Homberger/RC2_2_10.txt "" 1000000000.0000001 2147483647 1549064881 -gs 70 -nc 0.8 -ne 0.4 -ps 25 -xi 0.6 > /tmp/tmp-2023-12-2915:31:21-0.7931365966796875
Result: SAT, 0, 1975, 0, 1549064881
 Same incumbent, new precision:
New Incumbent: 4.4, 1976.3 [10, 1000000000.0]. With state gs=70, nc=0.8, ne=0.4, ps=25, xi=0.6
getAlgoResultsForInstsAndParams.
  Trial 1 for calling: bash SolveVRP.sh ../../Homberger/RC2_2_10.txt "" 1000000000.0000001 2147483647 1549064881 -gs 100 -nc 0.6 -ne 0.2 -ps 35 -xi 0.2 > /tmp/tmp-2023-12-2915:31:41-0.7149753570556641
Executing cmd: bash SolveVRP.sh ../../Homberger/RC2_2_10.txt "" 1000000000.0000001 2147483647 1549064881 -gs 100 -nc 0.6 -ne 0.2 -ps 35 -xi 0.2 > /tmp/tmp-2023-12-2915:31:41-0.7149753570556641
Result: SAT, 0, 1975, 0, 1549064881
now 2023-12-29 15:32:01 -0300; start 2023-12-29 15:16:43 -0300; time-start 918.012469398; maxWall 8640000.0
State wants more detail (10+1) than incumbent (10), doing incumbent first:
gs=100 nc=0.6 ne=0.2 ps=35 xi=0.2 (1978.9 [based on 10 runs with cutoff 1000000000.0])
gs=70 nc=0.8 ne=0.4 ps=25 xi=0.6 (1976.3 [based on 10 runs with cutoff 1000000000.0])
getAlgoResultsForInstsAndParams.
  Trial 1 for calling: bash SolveVRP.sh ../../Homberger/RC2_2_10.txt "" 1000000000.0000001 2147483647 1170776343 -gs 70 -nc 0.8 -ne 0.4 -ps 25 -xi 0.6 > /tmp/tmp-2023-12-2915:32:01-0.3385993242263794
Executing cmd: bash SolveVRP.sh ../../Homberger/RC2_2_10.txt "" 1000000000.0000001 2147483647 1170776343 -gs 70 -nc 0.8 -ne 0.4 -ps 25 -xi 0.6 > /tmp/tmp-2023-12-2915:32:01-0.3385993242263794
Result: SAT, 0, 1975, 0, 1170776343
 Same incumbent, new precision:
New Incumbent: 4.6, 1976.1818181818182 [11, 1000000000.0]. With state gs=70, nc=0.8, ne=0.4, ps=25, xi=0.6
getAlgoResultsForInstsAndParams.
  Trial 1 for calling: bash SolveVRP.sh ../../Homberger/RC2_2_10.txt "" 1000000000.0000001 2147483647 1170776343 -gs 100 -nc 0.6 -ne 0.2 -ps 35 -xi 0.2 > /tmp/tmp-2023-12-2915:32:22-0.13953924179077148
Executing cmd: bash SolveVRP.sh ../../Homberger/RC2_2_10.txt "" 1000000000.0000001 2147483647 1170776343 -gs 100 -nc 0.6 -ne 0.2 -ps 35 -xi 0.2 > /tmp/tmp-2023-12-2915:32:22-0.13953924179077148
Result: SAT, 0, 1975, 0, 1170776343
          -> After 6 bonus runs: gs=100 nc=0.6 ne=0.2 ps=35 xi=0.2 (1978.5454545454545 [based on 11 runs with cutoff 1000000000.0])

now 2023-12-29 15:32:42 -0300; start 2023-12-29 15:16:43 -0300; time-start 958.726076688; maxWall 8640000.0
now 2023-12-29 15:32:42 -0300; start 2023-12-29 15:16:43 -0300; time-start 958.726150215; maxWall 8640000.0
    Changing ["ps: 35->45"], evaluating ...
getAlgoResultsForInstsAndParams.
  Trial 1 for calling: bash SolveVRP.sh ../../Homberger/RC2_2_10.txt "" 1000000000.0000001 2147483647 822569775 -gs 100 -nc 0.6 -ne 0.2 -ps 45 -xi 0.2 > /tmp/tmp-2023-12-2915:32:42-0.8379330635070801
Executing cmd: bash SolveVRP.sh ../../Homberger/RC2_2_10.txt "" 1000000000.0000001 2147483647 822569775 -gs 100 -nc 0.6 -ne 0.2 -ps 45 -xi 0.2 > /tmp/tmp-2023-12-2915:32:42-0.8379330635070801
Result: SAT, 0, 1983, 0, 822569775
        -> worse: (1983.0 [based on 1 runs with cutoff 1000000000.0])
now 2023-12-29 15:33:03 -0300; start 2023-12-29 15:16:43 -0300; time-start 979.148066891; maxWall 8640000.0
    Changing ["xi: 0.2->0.6"], evaluating ...
getAlgoResultsForInstsAndParams.
  Trial 1 for calling: bash SolveVRP.sh ../../Homberger/RC2_2_10.txt "" 1000000000.0000001 2147483647 822569775 -gs 100 -nc 0.6 -ne 0.2 -ps 35 -xi 0.6 > /tmp/tmp-2023-12-2915:33:03-0.3432197570800781
Executing cmd: bash SolveVRP.sh ../../Homberger/RC2_2_10.txt "" 1000000000.0000001 2147483647 822569775 -gs 100 -nc 0.6 -ne 0.2 -ps 35 -xi 0.6 > /tmp/tmp-2023-12-2915:33:03-0.3432197570800781
Result: SAT, 0, 1976, 0, 822569775
        -> worse: (1976.0 [based on 1 runs with cutoff 1000000000.0])
now 2023-12-29 15:33:23 -0300; start 2023-12-29 15:16:43 -0300; time-start 999.584663346; maxWall 8640000.0
    Changing ["ps: 35->25"], evaluating ...
getAlgoResultsForInstsAndParams.
  Trial 1 for calling: bash SolveVRP.sh ../../Homberger/RC2_2_10.txt "" 1000000000.0000001 2147483647 822569775 -gs 100 -nc 0.6 -ne 0.2 -ps 25 -xi 0.2 > /tmp/tmp-2023-12-2915:33:23-0.30882811546325684
Executing cmd: bash SolveVRP.sh ../../Homberger/RC2_2_10.txt "" 1000000000.0000001 2147483647 822569775 -gs 100 -nc 0.6 -ne 0.2 -ps 25 -xi 0.2 > /tmp/tmp-2023-12-2915:33:23-0.30882811546325684
Result: SAT, 0, 1987, 0, 822569775
        -> worse: (1987.0 [based on 1 runs with cutoff 1000000000.0])
now 2023-12-29 15:33:43 -0300; start 2023-12-29 15:16:43 -0300; time-start 1020.070583158; maxWall 8640000.0
    Changing ["gs: 100->40"], evaluating ...
getAlgoResultsForInstsAndParams.
  Trial 1 for calling: bash SolveVRP.sh ../../Homberger/RC2_2_10.txt "" 1000000000.0000001 2147483647 822569775 -gs 40 -nc 0.6 -ne 0.2 -ps 35 -xi 0.2 > /tmp/tmp-2023-12-2915:33:43-0.00852060317993164
Executing cmd: bash SolveVRP.sh ../../Homberger/RC2_2_10.txt "" 1000000000.0000001 2147483647 822569775 -gs 40 -nc 0.6 -ne 0.2 -ps 35 -xi 0.2 > /tmp/tmp-2023-12-2915:33:43-0.00852060317993164
Result: SAT, 0, 1975, 0, 822569775
now 2023-12-29 15:34:04 -0300; start 2023-12-29 15:16:43 -0300; time-start 1040.48540731; maxWall 8640000.0
getAlgoResultsForInstsAndParams.
  Trial 1 for calling: bash SolveVRP.sh ../../Homberger/RC2_2_10.txt "" 1000000000.0000001 2147483647 2137449171 -gs 40 -nc 0.6 -ne 0.2 -ps 35 -xi 0.2 > /tmp/tmp-2023-12-2915:34:04-0.3937811851501465
Executing cmd: bash SolveVRP.sh ../../Homberger/RC2_2_10.txt "" 1000000000.0000001 2147483647 2137449171 -gs 40 -nc 0.6 -ne 0.2 -ps 35 -xi 0.2 > /tmp/tmp-2023-12-2915:34:04-0.3937811851501465
Result: SAT, 0, 1977, 0, 2137449171
        -> worse: (1976.0 [based on 2 runs with cutoff 1000000000.0])
now 2023-12-29 15:34:24 -0300; start 2023-12-29 15:16:43 -0300; time-start 1060.893955326; maxWall 8640000.0
    Changing ["nc: 0.6->0.4"], evaluating ...
getAlgoResultsForInstsAndParams.
  Trial 1 for calling: bash SolveVRP.sh ../../Homberger/RC2_2_10.txt "" 1000000000.0000001 2147483647 822569775 -gs 100 -nc 0.4 -ne 0.2 -ps 35 -xi 0.2 > /tmp/tmp-2023-12-2915:34:24-0.83304762840271
Executing cmd: bash SolveVRP.sh ../../Homberger/RC2_2_10.txt "" 1000000000.0000001 2147483647 822569775 -gs 100 -nc 0.4 -ne 0.2 -ps 35 -xi 0.2 > /tmp/tmp-2023-12-2915:34:24-0.83304762840271
Result: SAT, 0, 1984, 0, 822569775
        -> worse: (1984.0 [based on 1 runs with cutoff 1000000000.0])
now 2023-12-29 15:34:45 -0300; start 2023-12-29 15:16:43 -0300; time-start 1081.417985443; maxWall 8640000.0
    Changing ["xi: 0.2->0.4"], evaluating ...
getAlgoResultsForInstsAndParams.
  Trial 1 for calling: bash SolveVRP.sh ../../Homberger/RC2_2_10.txt "" 1000000000.0000001 2147483647 822569775 -gs 100 -nc 0.6 -ne 0.2 -ps 35 -xi 0.4 > /tmp/tmp-2023-12-2915:34:45-0.13782024383544922
Executing cmd: bash SolveVRP.sh ../../Homberger/RC2_2_10.txt "" 1000000000.0000001 2147483647 822569775 -gs 100 -nc 0.6 -ne 0.2 -ps 35 -xi 0.4 > /tmp/tmp-2023-12-2915:34:45-0.13782024383544922
Result: SAT, 0, 1979, 0, 822569775
        -> worse: (1979.0 [based on 1 runs with cutoff 1000000000.0])
now 2023-12-29 15:35:05 -0300; start 2023-12-29 15:16:43 -0300; time-start 1101.910166446; maxWall 8640000.0
    Changing ["ne: 0.2->0.1"], evaluating ...
getAlgoResultsForInstsAndParams.
  Trial 1 for calling: bash SolveVRP.sh ../../Homberger/RC2_2_10.txt "" 1000000000.0000001 2147483647 822569775 -gs 100 -nc 0.6 -ne 0.1 -ps 35 -xi 0.2 > /tmp/tmp-2023-12-2915:35:05-0.14065289497375488
Executing cmd: bash SolveVRP.sh ../../Homberger/RC2_2_10.txt "" 1000000000.0000001 2147483647 822569775 -gs 100 -nc 0.6 -ne 0.1 -ps 35 -xi 0.2 > /tmp/tmp-2023-12-2915:35:05-0.14065289497375488
Result: SAT, 0, 1975, 0, 822569775
now 2023-12-29 15:35:26 -0300; start 2023-12-29 15:16:43 -0300; time-start 1122.30212821; maxWall 8640000.0
getAlgoResultsForInstsAndParams.
  Trial 1 for calling: bash SolveVRP.sh ../../Homberger/RC2_2_10.txt "" 1000000000.0000001 2147483647 2137449171 -gs 100 -nc 0.6 -ne 0.1 -ps 35 -xi 0.2 > /tmp/tmp-2023-12-2915:35:26-0.9851193428039551
Executing cmd: bash SolveVRP.sh ../../Homberger/RC2_2_10.txt "" 1000000000.0000001 2147483647 2137449171 -gs 100 -nc 0.6 -ne 0.1 -ps 35 -xi 0.2 > /tmp/tmp-2023-12-2915:35:26-0.9851193428039551
Result: SAT, 0, 1978, 0, 2137449171
        -> worse: (1976.5 [based on 2 runs with cutoff 1000000000.0])
now 2023-12-29 15:35:46 -0300; start 2023-12-29 15:16:43 -0300; time-start 1142.678608958; maxWall 8640000.0
    Changing ["ne: 0.2->0.6"], evaluating ...
getAlgoResultsForInstsAndParams.
  Trial 1 for calling: bash SolveVRP.sh ../../Homberger/RC2_2_10.txt "" 1000000000.0000001 2147483647 822569775 -gs 100 -nc 0.6 -ne 0.6 -ps 35 -xi 0.2 > /tmp/tmp-2023-12-2915:35:46-0.6238510608673096
Executing cmd: bash SolveVRP.sh ../../Homberger/RC2_2_10.txt "" 1000000000.0000001 2147483647 822569775 -gs 100 -nc 0.6 -ne 0.6 -ps 35 -xi 0.2 > /tmp/tmp-2023-12-2915:35:46-0.6238510608673096
Result: SAT, 0, 1985, 0, 822569775
        -> worse: (1985.0 [based on 1 runs with cutoff 1000000000.0])
now 2023-12-29 15:36:06 -0300; start 2023-12-29 15:16:43 -0300; time-start 1163.066963271; maxWall 8640000.0
    Changing ["nc: 0.6->0.2"], evaluating ...
getAlgoResultsForInstsAndParams.
  Trial 1 for calling: bash SolveVRP.sh ../../Homberger/RC2_2_10.txt "" 1000000000.0000001 2147483647 822569775 -gs 100 -nc 0.2 -ne 0.2 -ps 35 -xi 0.2 > /tmp/tmp-2023-12-2915:36:06-0.26903247833251953
Executing cmd: bash SolveVRP.sh ../../Homberger/RC2_2_10.txt "" 1000000000.0000001 2147483647 822569775 -gs 100 -nc 0.2 -ne 0.2 -ps 35 -xi 0.2 > /tmp/tmp-2023-12-2915:36:06-0.26903247833251953
Result: SAT, 0, 1987, 0, 822569775
        -> worse: (1987.0 [based on 1 runs with cutoff 1000000000.0])
now 2023-12-29 15:36:27 -0300; start 2023-12-29 15:16:43 -0300; time-start 1183.499928406; maxWall 8640000.0
    Changing ["nc: 0.6->0.1"], evaluating ...
getAlgoResultsForInstsAndParams.
  Trial 1 for calling: bash SolveVRP.sh ../../Homberger/RC2_2_10.txt "" 1000000000.0000001 2147483647 822569775 -gs 100 -nc 0.1 -ne 0.2 -ps 35 -xi 0.2 > /tmp/tmp-2023-12-2915:36:27-0.9345693588256836
Executing cmd: bash SolveVRP.sh ../../Homberger/RC2_2_10.txt "" 1000000000.0000001 2147483647 822569775 -gs 100 -nc 0.1 -ne 0.2 -ps 35 -xi 0.2 > /tmp/tmp-2023-12-2915:36:27-0.9345693588256836
Result: SAT, 0, 1975, 0, 822569775
now 2023-12-29 15:36:47 -0300; start 2023-12-29 15:16:43 -0300; time-start 1203.91756372; maxWall 8640000.0
getAlgoResultsForInstsAndParams.
  Trial 1 for calling: bash SolveVRP.sh ../../Homberger/RC2_2_10.txt "" 1000000000.0000001 2147483647 2137449171 -gs 100 -nc 0.1 -ne 0.2 -ps 35 -xi 0.2 > /tmp/tmp-2023-12-2915:36:47-0.5644353628158569
Executing cmd: bash SolveVRP.sh ../../Homberger/RC2_2_10.txt "" 1000000000.0000001 2147483647 2137449171 -gs 100 -nc 0.1 -ne 0.2 -ps 35 -xi 0.2 > /tmp/tmp-2023-12-2915:36:47-0.5644353628158569
Result: SAT, 0, 1978, 0, 2137449171
        -> worse: (1976.5 [based on 2 runs with cutoff 1000000000.0])
now 2023-12-29 15:37:08 -0300; start 2023-12-29 15:16:43 -0300; time-start 1224.3280176; maxWall 8640000.0
    Changing ["ne: 0.2->0.8"], evaluating ...
getAlgoResultsForInstsAndParams.
  Trial 1 for calling: bash SolveVRP.sh ../../Homberger/RC2_2_10.txt "" 1000000000.0000001 2147483647 822569775 -gs 100 -nc 0.6 -ne 0.8 -ps 35 -xi 0.2 > /tmp/tmp-2023-12-2915:37:08-0.39955711364746094
Executing cmd: bash SolveVRP.sh ../../Homberger/RC2_2_10.txt "" 1000000000.0000001 2147483647 822569775 -gs 100 -nc 0.6 -ne 0.8 -ps 35 -xi 0.2 > /tmp/tmp-2023-12-2915:37:08-0.39955711364746094
Result: SAT, 0, 1982, 0, 822569775
        -> worse: (1982.0 [based on 1 runs with cutoff 1000000000.0])
now 2023-12-29 15:37:28 -0300; start 2023-12-29 15:16:43 -0300; time-start 1244.669853733; maxWall 8640000.0
    Changing ["ps: 35->15"], evaluating ...
getAlgoResultsForInstsAndParams.
  Trial 1 for calling: bash SolveVRP.sh ../../Homberger/RC2_2_10.txt "" 1000000000.0000001 2147483647 822569775 -gs 100 -nc 0.6 -ne 0.2 -ps 15 -xi 0.2 > /tmp/tmp-2023-12-2915:37:28-0.7665085792541504
Executing cmd: bash SolveVRP.sh ../../Homberger/RC2_2_10.txt "" 1000000000.0000001 2147483647 822569775 -gs 100 -nc 0.6 -ne 0.2 -ps 15 -xi 0.2 > /tmp/tmp-2023-12-2915:37:28-0.7665085792541504
Result: SAT, 0, 1983, 0, 822569775
        -> worse: (1983.0 [based on 1 runs with cutoff 1000000000.0])
now 2023-12-29 15:37:49 -0300; start 2023-12-29 15:16:43 -0300; time-start 1265.130906521; maxWall 8640000.0
    Changing ["ne: 0.2->0.4"], evaluating ...
getAlgoResultsForInstsAndParams.
  Trial 1 for calling: bash SolveVRP.sh ../../Homberger/RC2_2_10.txt "" 1000000000.0000001 2147483647 822569775 -gs 100 -nc 0.6 -ne 0.4 -ps 35 -xi 0.2 > /tmp/tmp-2023-12-2915:37:49-0.7000083923339844
Executing cmd: bash SolveVRP.sh ../../Homberger/RC2_2_10.txt "" 1000000000.0000001 2147483647 822569775 -gs 100 -nc 0.6 -ne 0.4 -ps 35 -xi 0.2 > /tmp/tmp-2023-12-2915:37:49-0.7000083923339844
Result: SAT, 0, 1990, 0, 822569775
        -> worse: (1990.0 [based on 1 runs with cutoff 1000000000.0])
now 2023-12-29 15:38:09 -0300; start 2023-12-29 15:16:43 -0300; time-start 1285.533698459; maxWall 8640000.0
    Changing ["xi: 0.2->0.8"], evaluating ...
getAlgoResultsForInstsAndParams.
  Trial 1 for calling: bash SolveVRP.sh ../../Homberger/RC2_2_10.txt "" 1000000000.0000001 2147483647 822569775 -gs 100 -nc 0.6 -ne 0.2 -ps 35 -xi 0.8 > /tmp/tmp-2023-12-2915:38:09-0.8115808963775635
Executing cmd: bash SolveVRP.sh ../../Homberger/RC2_2_10.txt "" 1000000000.0000001 2147483647 822569775 -gs 100 -nc 0.6 -ne 0.2 -ps 35 -xi 0.8 > /tmp/tmp-2023-12-2915:38:09-0.8115808963775635
Result: SAT, 0, 1979, 0, 822569775
        -> worse: (1979.0 [based on 1 runs with cutoff 1000000000.0])
now 2023-12-29 15:38:29 -0300; start 2023-12-29 15:16:43 -0300; time-start 1305.94423423; maxWall 8640000.0
now 2023-12-29 15:38:29 -0300; start 2023-12-29 15:16:43 -0300; time-start 1305.944297119; maxWall 8640000.0
    Changing ["nc: 0.6->0.8"], evaluating ...
getAlgoResultsForInstsAndParams.
  Trial 1 for calling: bash SolveVRP.sh ../../Homberger/RC2_2_10.txt "" 1000000000.0000001 2147483647 822569775 -gs 100 -nc 0.8 -ne 0.2 -ps 35 -xi 0.2 > /tmp/tmp-2023-12-2915:38:29-0.49365246295928955
Executing cmd: bash SolveVRP.sh ../../Homberger/RC2_2_10.txt "" 1000000000.0000001 2147483647 822569775 -gs 100 -nc 0.8 -ne 0.2 -ps 35 -xi 0.2 > /tmp/tmp-2023-12-2915:38:29-0.49365246295928955
Result: SAT, 0, 1975, 0, 822569775
now 2023-12-29 15:38:50 -0300; start 2023-12-29 15:16:43 -0300; time-start 1326.294061734; maxWall 8640000.0
getAlgoResultsForInstsAndParams.
  Trial 1 for calling: bash SolveVRP.sh ../../Homberger/RC2_2_10.txt "" 1000000000.0000001 2147483647 2137449171 -gs 100 -nc 0.8 -ne 0.2 -ps 35 -xi 0.2 > /tmp/tmp-2023-12-2915:38:50-0.9782662391662598
Executing cmd: bash SolveVRP.sh ../../Homberger/RC2_2_10.txt "" 1000000000.0000001 2147483647 2137449171 -gs 100 -nc 0.8 -ne 0.2 -ps 35 -xi 0.2 > /tmp/tmp-2023-12-2915:38:50-0.9782662391662598
Result: SAT, 0, 1975, 0, 2137449171
now 2023-12-29 15:39:10 -0300; start 2023-12-29 15:16:43 -0300; time-start 1346.648317; maxWall 8640000.0
getAlgoResultsForInstsAndParams.
  Trial 1 for calling: bash SolveVRP.sh ../../Homberger/RC2_2_10.txt "" 1000000000.0000001 2147483647 524453158 -gs 100 -nc 0.8 -ne 0.2 -ps 35 -xi 0.2 > /tmp/tmp-2023-12-2915:39:10-0.5800292491912842
Executing cmd: bash SolveVRP.sh ../../Homberger/RC2_2_10.txt "" 1000000000.0000001 2147483647 524453158 -gs 100 -nc 0.8 -ne 0.2 -ps 35 -xi 0.2 > /tmp/tmp-2023-12-2915:39:10-0.5800292491912842
Result: SAT, 0, 1975, 0, 524453158
now 2023-12-29 15:39:30 -0300; start 2023-12-29 15:16:43 -0300; time-start 1367.056814403; maxWall 8640000.0
getAlgoResultsForInstsAndParams.
  Trial 1 for calling: bash SolveVRP.sh ../../Homberger/RC2_2_10.txt "" 1000000000.0000001 2147483647 1365105717 -gs 100 -nc 0.8 -ne 0.2 -ps 35 -xi 0.2 > /tmp/tmp-2023-12-2915:39:30-0.02554452419281006
Executing cmd: bash SolveVRP.sh ../../Homberger/RC2_2_10.txt "" 1000000000.0000001 2147483647 1365105717 -gs 100 -nc 0.8 -ne 0.2 -ps 35 -xi 0.2 > /tmp/tmp-2023-12-2915:39:30-0.02554452419281006
Result: SAT, 0, 1975, 0, 1365105717
now 2023-12-29 15:39:51 -0300; start 2023-12-29 15:16:43 -0300; time-start 1387.518605081; maxWall 8640000.0
getAlgoResultsForInstsAndParams.
  Trial 1 for calling: bash SolveVRP.sh ../../Homberger/RC2_2_10.txt "" 1000000000.0000001 2147483647 1880026316 -gs 100 -nc 0.8 -ne 0.2 -ps 35 -xi 0.2 > /tmp/tmp-2023-12-2915:39:51-0.8796181678771973
Executing cmd: bash SolveVRP.sh ../../Homberger/RC2_2_10.txt "" 1000000000.0000001 2147483647 1880026316 -gs 100 -nc 0.8 -ne 0.2 -ps 35 -xi 0.2 > /tmp/tmp-2023-12-2915:39:51-0.8796181678771973
Result: SAT, 0, 1975, 0, 1880026316
now 2023-12-29 15:40:11 -0300; start 2023-12-29 15:16:43 -0300; time-start 1407.851617981; maxWall 8640000.0
getAlgoResultsForInstsAndParams.
  Trial 1 for calling: bash SolveVRP.sh ../../Homberger/RC2_2_10.txt "" 1000000000.0000001 2147483647 481516916 -gs 100 -nc 0.8 -ne 0.2 -ps 35 -xi 0.2 > /tmp/tmp-2023-12-2915:40:11-0.9342052936553955
Executing cmd: bash SolveVRP.sh ../../Homberger/RC2_2_10.txt "" 1000000000.0000001 2147483647 481516916 -gs 100 -nc 0.8 -ne 0.2 -ps 35 -xi 0.2 > /tmp/tmp-2023-12-2915:40:11-0.9342052936553955
